{"/home/siddharthjain/Documents/blogs-website/server/src/index.ts": {"path":"/home/siddharthjain/Documents/blogs-website/server/src/index.ts","statementMap":{"0":{"start":{"line":1,"column":0},"end":{"line":1,"column":50}},"1":{"start":{"line":2,"column":0},"end":{"line":2,"column":27}},"2":{"start":{"line":3,"column":0},"end":{"line":3,"column":66}},"3":{"start":{"line":4,"column":0},"end":{"line":4,"column":63}},"4":{"start":{"line":5,"column":0},"end":{"line":5,"column":37}},"5":{"start":{"line":7,"column":0},"end":{"line":7,"column":27}},"6":{"start":{"line":8,"column":0},"end":{"line":8,"column":38}},"7":{"start":{"line":11,"column":0},"end":{"line":11,"column":16}},"8":{"start":{"line":12,"column":12},"end":{"line":12,"column":21}},"9":{"start":{"line":13,"column":13},"end":{"line":13,"column":29}},"10":{"start":{"line":17,"column":0},"end":{"line":17,"column":27}},"11":{"start":{"line":21,"column":0},"end":{"line":21,"column":null}},"12":{"start":{"line":23,"column":0},"end":{"line":26,"column":null}},"13":{"start":{"line":25,"column":3},"end":{"line":25,"column":45}},"14":{"start":{"line":27,"column":0},"end":{"line":30,"column":null}},"15":{"start":{"line":33,"column":1},"end":{"line":33,"column":36}},"16":{"start":{"line":34,"column":1},"end":{"line":34,"column":null}},"17":{"start":{"line":36,"column":0},"end":{"line":38,"column":null}},"18":{"start":{"line":37,"column":4},"end":{"line":37,"column":48}},"19":{"start":{"line":40,"column":0},"end":{"line":40,"column":19}}},"fnMap":{"0":{"name":"(anonymous_1)","decl":{"start":{"line":23,"column":13},"end":{"line":23,"column":14}},"loc":{"start":{"line":23,"column":44},"end":{"line":26,"column":1}}},"1":{"name":"(anonymous_2)","decl":{"start":{"line":36,"column":16},"end":{"line":36,"column":18}},"loc":{"start":{"line":36,"column":20},"end":{"line":38,"column":1}}}},"branchMap":{},"s":{"0":1,"1":1,"2":1,"3":1,"4":1,"5":1,"6":1,"7":1,"8":1,"9":1,"10":1,"11":1,"12":1,"13":0,"14":1,"15":1,"16":1,"17":1,"18":1,"19":1},"f":{"0":0,"1":1},"b":{}}
,"/home/siddharthjain/Documents/blogs-website/server/src/Auth/Controllers/AuthController.ts": {"path":"/home/siddharthjain/Documents/blogs-website/server/src/Auth/Controllers/AuthController.ts","statementMap":{"0":{"start":{"line":1,"column":0},"end":{"line":1,"column":29}},"1":{"start":{"line":2,"column":0},"end":{"line":2,"column":66}},"2":{"start":{"line":3,"column":0},"end":{"line":3,"column":65}},"3":{"start":{"line":4,"column":0},"end":{"line":4,"column":49}},"4":{"start":{"line":5,"column":0},"end":{"line":5,"column":32}},"5":{"start":{"line":7,"column":15},"end":{"line":7,"column":31}},"6":{"start":{"line":9,"column":0},"end":{"line":9,"column":null}},"7":{"start":{"line":10,"column":0},"end":{"line":10,"column":59}},"8":{"start":{"line":11,"column":0},"end":{"line":11,"column":63}},"9":{"start":{"line":12,"column":0},"end":{"line":12,"column":null}},"10":{"start":{"line":13,"column":0},"end":{"line":15,"column":5}},"11":{"start":{"line":14,"column":4},"end":{"line":14,"column":null}},"12":{"start":{"line":18,"column":0},"end":{"line":18,"column":15}}},"fnMap":{"0":{"name":"(anonymous_1)","decl":{"start":{"line":13,"column":64},"end":{"line":13,"column":65}},"loc":{"start":{"line":13,"column":77},"end":{"line":15,"column":3}}}},"branchMap":{},"s":{"0":1,"1":1,"2":1,"3":1,"4":1,"5":1,"6":1,"7":1,"8":1,"9":1,"10":1,"11":0,"12":1},"f":{"0":0},"b":{}}
,"/home/siddharthjain/Documents/blogs-website/server/src/Auth/Service/AuthService.ts": {"path":"/home/siddharthjain/Documents/blogs-website/server/src/Auth/Service/AuthService.ts","statementMap":{"0":{"start":{"line":2,"column":0},"end":{"line":2,"column":27}},"1":{"start":{"line":3,"column":0},"end":{"line":3,"column":40}},"2":{"start":{"line":4,"column":0},"end":{"line":4,"column":30}},"3":{"start":{"line":5,"column":0},"end":{"line":5,"column":27}},"4":{"start":{"line":6,"column":0},"end":{"line":6,"column":16}},"5":{"start":{"line":8,"column":22},"end":{"line":30,"column":null}},"6":{"start":{"line":8,"column":60},"end":{"line":30,"column":null}},"7":{"start":{"line":10,"column":19},"end":{"line":10,"column":27}},"8":{"start":{"line":11,"column":19},"end":{"line":11,"column":36}},"9":{"start":{"line":12,"column":24},"end":{"line":12,"column":52}},"10":{"start":{"line":13,"column":2},"end":{"line":13,"column":36}},"11":{"start":{"line":14,"column":2},"end":{"line":29,"column":null}},"12":{"start":{"line":15,"column":21},"end":{"line":15,"column":73}},"13":{"start":{"line":16,"column":3},"end":{"line":24,"column":null}},"14":{"start":{"line":18,"column":6},"end":{"line":18,"column":61}},"15":{"start":{"line":21,"column":18},"end":{"line":21,"column":45}},"16":{"start":{"line":22,"column":3},"end":{"line":22,"column":57}},"17":{"start":{"line":23,"column":3},"end":{"line":23,"column":null}},"18":{"start":{"line":27,"column":3},"end":{"line":27,"column":22}},"19":{"start":{"line":28,"column":4},"end":{"line":28,"column":48}},"20":{"start":{"line":8,"column":14},"end":{"line":8,"column":22}},"21":{"start":{"line":32,"column":21},"end":{"line":63,"column":null}},"22":{"start":{"line":32,"column":59},"end":{"line":63,"column":null}},"23":{"start":{"line":35,"column":3},"end":{"line":61,"column":null}},"24":{"start":{"line":36,"column":31},"end":{"line":36,"column":39}},"25":{"start":{"line":37,"column":21},"end":{"line":37,"column":62}},"26":{"start":{"line":38,"column":3},"end":{"line":56,"column":null}},"27":{"start":{"line":40,"column":25},"end":{"line":40,"column":45}},"28":{"start":{"line":42,"column":31},"end":{"line":42,"column":72}},"29":{"start":{"line":43,"column":3},"end":{"line":52,"column":null}},"30":{"start":{"line":45,"column":30},"end":{"line":45,"column":62}},"31":{"start":{"line":46,"column":22},"end":{"line":46,"column":65}},"32":{"start":{"line":47,"column":20},"end":{"line":47,"column":67}},"33":{"start":{"line":48,"column":6},"end":{"line":48,"column":57}},"34":{"start":{"line":51,"column":6},"end":{"line":51,"column":43}},"35":{"start":{"line":55,"column":6},"end":{"line":55,"column":null}},"36":{"start":{"line":59,"column":6},"end":{"line":59,"column":25}},"37":{"start":{"line":60,"column":6},"end":{"line":60,"column":54}},"38":{"start":{"line":32,"column":13},"end":{"line":32,"column":21}},"39":{"start":{"line":65,"column":25},"end":{"line":68,"column":1}},"40":{"start":{"line":67,"column":3},"end":{"line":67,"column":23}},"41":{"start":{"line":65,"column":13},"end":{"line":65,"column":25}}},"fnMap":{"0":{"name":"(anonymous_8)","decl":{"start":{"line":8,"column":22},"end":{"line":8,"column":29}},"loc":{"start":{"line":8,"column":60},"end":{"line":30,"column":null}}},"1":{"name":"(anonymous_9)","decl":{"start":{"line":8,"column":60},"end":{"line":8,"column":null}},"loc":{"start":{"line":8,"column":60},"end":{"line":30,"column":1}}},"2":{"name":"(anonymous_10)","decl":{"start":{"line":32,"column":21},"end":{"line":32,"column":28}},"loc":{"start":{"line":32,"column":59},"end":{"line":63,"column":null}}},"3":{"name":"(anonymous_11)","decl":{"start":{"line":32,"column":59},"end":{"line":32,"column":null}},"loc":{"start":{"line":32,"column":59},"end":{"line":63,"column":1}}},"4":{"name":"(anonymous_12)","decl":{"start":{"line":65,"column":25},"end":{"line":65,"column":26}},"loc":{"start":{"line":65,"column":54},"end":{"line":68,"column":1}}}},"branchMap":{"0":{"loc":{"start":{"line":16,"column":3},"end":{"line":24,"column":null}},"type":"if","locations":[{"start":{"line":16,"column":3},"end":{"line":24,"column":null}},{"start":{"line":20,"column":7},"end":{"line":24,"column":null}}]},"1":{"loc":{"start":{"line":38,"column":3},"end":{"line":56,"column":null}},"type":"if","locations":[{"start":{"line":38,"column":3},"end":{"line":56,"column":null}},{"start":{"line":54,"column":7},"end":{"line":56,"column":null}}]},"2":{"loc":{"start":{"line":40,"column":25},"end":{"line":40,"column":45}},"type":"cond-expr","locations":[{"start":{"line":40,"column":35},"end":{"line":40,"column":37}},{"start":{"line":40,"column":25},"end":{"line":40,"column":45}}]},"3":{"loc":{"start":{"line":40,"column":25},"end":{"line":40,"column":37}},"type":"binary-expr","locations":[{"start":{"line":40,"column":25},"end":{"line":40,"column":37}},{"start":{"line":40,"column":25},"end":{"line":40,"column":37}}]},"4":{"loc":{"start":{"line":43,"column":3},"end":{"line":52,"column":null}},"type":"if","locations":[{"start":{"line":43,"column":3},"end":{"line":52,"column":null}},{"start":{"line":50,"column":7},"end":{"line":52,"column":null}}]}},"s":{"0":1,"1":1,"2":1,"3":1,"4":1,"5":1,"6":0,"7":0,"8":0,"9":0,"10":0,"11":0,"12":0,"13":0,"14":0,"15":0,"16":0,"17":0,"18":0,"19":0,"20":1,"21":1,"22":1,"23":1,"24":1,"25":1,"26":1,"27":1,"28":1,"29":1,"30":1,"31":1,"32":1,"33":1,"34":0,"35":0,"36":0,"37":0,"38":1,"39":1,"40":0,"41":1},"f":{"0":0,"1":0,"2":1,"3":1,"4":0},"b":{"0":[0,0],"1":[1,0],"2":[0,1],"3":[1,1],"4":[1,0]}}
,"/home/siddharthjain/Documents/blogs-website/server/src/Auth/Service/Dto/index.ts": {"path":"/home/siddharthjain/Documents/blogs-website/server/src/Auth/Service/Dto/index.ts","statementMap":{"0":{"start":{"line":1,"column":0},"end":{"line":1,"column":28}},"1":{"start":{"line":2,"column":0},"end":{"line":2,"column":27}}},"fnMap":{},"branchMap":{},"s":{"0":1,"1":1},"f":{},"b":{}}
,"/home/siddharthjain/Documents/blogs-website/server/src/Auth/Service/Dto/loginDto.ts": {"path":"/home/siddharthjain/Documents/blogs-website/server/src/Auth/Service/Dto/loginDto.ts","statementMap":{"0":{"start":{"line":1,"column":0},"end":{"line":1,"column":70}},"1":{"start":{"line":3,"column":0},"end":{"line":3,"column":13}},"2":{"start":{"line":11,"column":2},"end":{"line":11,"column":null}},"3":{"start":{"line":15,"column":2},"end":{"line":15,"column":null}}},"fnMap":{},"branchMap":{},"s":{"0":1,"1":1,"2":1,"3":1},"f":{},"b":{}}
,"/home/siddharthjain/Documents/blogs-website/server/src/Auth/Service/Dto/signupDto.ts": {"path":"/home/siddharthjain/Documents/blogs-website/server/src/Auth/Service/Dto/signupDto.ts","statementMap":{"0":{"start":{"line":1,"column":0},"end":{"line":1,"column":70}},"1":{"start":{"line":3,"column":0},"end":{"line":3,"column":13}},"2":{"start":{"line":6,"column":4},"end":{"line":6,"column":null}},"3":{"start":{"line":13,"column":2},"end":{"line":13,"column":null}},"4":{"start":{"line":17,"column":2},"end":{"line":17,"column":null}}},"fnMap":{},"branchMap":{},"s":{"0":1,"1":1,"2":1,"3":1,"4":1},"f":{},"b":{}}
,"/home/siddharthjain/Documents/blogs-website/server/src/Blogs/Controllers/BlogsController.ts": {"path":"/home/siddharthjain/Documents/blogs-website/server/src/Blogs/Controllers/BlogsController.ts","statementMap":{"0":{"start":{"line":1,"column":0},"end":{"line":1,"column":29}},"1":{"start":{"line":2,"column":0},"end":{"line":2,"column":95}},"2":{"start":{"line":3,"column":0},"end":{"line":3,"column":65}},"3":{"start":{"line":4,"column":0},"end":{"line":4,"column":63}},"4":{"start":{"line":5,"column":0},"end":{"line":5,"column":53}},"5":{"start":{"line":6,"column":15},"end":{"line":6,"column":31}},"6":{"start":{"line":9,"column":0},"end":{"line":9,"column":37}},"7":{"start":{"line":10,"column":0},"end":{"line":10,"column":null}},"8":{"start":{"line":11,"column":0},"end":{"line":11,"column":29}},"9":{"start":{"line":12,"column":0},"end":{"line":12,"column":65}},"10":{"start":{"line":13,"column":0},"end":{"line":13,"column":69}},"11":{"start":{"line":14,"column":0},"end":{"line":14,"column":null}},"12":{"start":{"line":15,"column":0},"end":{"line":15,"column":34}},"13":{"start":{"line":17,"column":0},"end":{"line":17,"column":15}}},"fnMap":{},"branchMap":{},"s":{"0":1,"1":1,"2":1,"3":1,"4":1,"5":1,"6":1,"7":1,"8":1,"9":1,"10":1,"11":1,"12":1,"13":1},"f":{},"b":{}}
,"/home/siddharthjain/Documents/blogs-website/server/src/Blogs/Service/BlogsService.ts": {"path":"/home/siddharthjain/Documents/blogs-website/server/src/Blogs/Service/BlogsService.ts","statementMap":{"0":{"start":{"line":2,"column":0},"end":{"line":2,"column":42}},"1":{"start":{"line":3,"column":0},"end":{"line":3,"column":40}},"2":{"start":{"line":4,"column":0},"end":{"line":4,"column":42}},"3":{"start":{"line":5,"column":0},"end":{"line":5,"column":31}},"4":{"start":{"line":8,"column":21},"end":{"line":12,"column":2}},"5":{"start":{"line":8,"column":42},"end":{"line":12,"column":2}},"6":{"start":{"line":9,"column":2},"end":{"line":9,"column":27}},"7":{"start":{"line":10,"column":21},"end":{"line":10,"column":45}},"8":{"start":{"line":11,"column":2},"end":{"line":11,"column":20}},"9":{"start":{"line":14,"column":21},"end":{"line":18,"column":2}},"10":{"start":{"line":14,"column":42},"end":{"line":18,"column":2}},"11":{"start":{"line":15,"column":2},"end":{"line":15,"column":27}},"12":{"start":{"line":16,"column":21},"end":{"line":16,"column":38}},"13":{"start":{"line":17,"column":2},"end":{"line":17,"column":20}},"14":{"start":{"line":20,"column":27},"end":{"line":72,"column":2}},"15":{"start":{"line":20,"column":65},"end":{"line":72,"column":2}},"16":{"start":{"line":22,"column":2},"end":{"line":71,"column":null}},"17":{"start":{"line":25,"column":42},"end":{"line":25,"column":51}},"18":{"start":{"line":26,"column":4},"end":{"line":26,"column":45}},"19":{"start":{"line":27,"column":4},"end":{"line":27,"column":37}},"20":{"start":{"line":28,"column":19},"end":{"line":28,"column":52}},"21":{"start":{"line":29,"column":18},"end":{"line":29,"column":29}},"22":{"start":{"line":30,"column":21},"end":{"line":30,"column":47}},"23":{"start":{"line":32,"column":22},"end":{"line":32,"column":57}},"24":{"start":{"line":36,"column":45},"end":{"line":43,"column":6}},"25":{"start":{"line":45,"column":4},"end":{"line":63,"column":null}},"26":{"start":{"line":48,"column":31},"end":{"line":48,"column":39}},"27":{"start":{"line":49,"column":6},"end":{"line":49,"column":42}},"28":{"start":{"line":50,"column":26},"end":{"line":54,"column":8}},"29":{"start":{"line":51,"column":34},"end":{"line":51,"column":109}},"30":{"start":{"line":51,"column":84},"end":{"line":51,"column":108}},"31":{"start":{"line":52,"column":8},"end":{"line":52,"column":null}},"32":{"start":{"line":53,"column":8},"end":{"line":53,"column":20}},"33":{"start":{"line":55,"column":6},"end":{"line":55,"column":46}},"34":{"start":{"line":56,"column":6},"end":{"line":56,"column":31}},"35":{"start":{"line":62,"column":6},"end":{"line":62,"column":33}},"36":{"start":{"line":69,"column":4},"end":{"line":69,"column":48}},"37":{"start":{"line":70,"column":4},"end":{"line":70,"column":58}},"38":{"start":{"line":20,"column":13},"end":{"line":20,"column":27}},"39":{"start":{"line":74,"column":26},"end":{"line":86,"column":2}},"40":{"start":{"line":74,"column":64},"end":{"line":86,"column":2}},"41":{"start":{"line":75,"column":19},"end":{"line":75,"column":27}},"42":{"start":{"line":76,"column":2},"end":{"line":76,"column":33}},"43":{"start":{"line":78,"column":2},"end":{"line":85,"column":null}},"44":{"start":{"line":79,"column":24},"end":{"line":79,"column":52}},"45":{"start":{"line":80,"column":4},"end":{"line":80,"column":65}},"46":{"start":{"line":81,"column":4},"end":{"line":81,"column":44}},"47":{"start":{"line":83,"column":4},"end":{"line":83,"column":49}},"48":{"start":{"line":84,"column":4},"end":{"line":84,"column":61}},"49":{"start":{"line":74,"column":13},"end":{"line":74,"column":26}},"50":{"start":{"line":88,"column":26},"end":{"line":113,"column":2}},"51":{"start":{"line":88,"column":64},"end":{"line":113,"column":2}},"52":{"start":{"line":89,"column":17},"end":{"line":89,"column":30}},"53":{"start":{"line":90,"column":21},"end":{"line":90,"column":52}},"54":{"start":{"line":91,"column":31},"end":{"line":91,"column":41}},"55":{"start":{"line":93,"column":2},"end":{"line":112,"column":null}},"56":{"start":{"line":94,"column":23},"end":{"line":94,"column":51}},"57":{"start":{"line":95,"column":4},"end":{"line":108,"column":null}},"58":{"start":{"line":96,"column":41},"end":{"line":96,"column":49}},"59":{"start":{"line":97,"column":6},"end":{"line":107,"column":null}},"60":{"start":{"line":98,"column":8},"end":{"line":98,"column":68}},"61":{"start":{"line":105,"column":8},"end":{"line":105,"column":69}},"62":{"start":{"line":106,"column":8},"end":{"line":106,"column":58}},"63":{"start":{"line":110,"column":4},"end":{"line":110,"column":45}},"64":{"start":{"line":111,"column":4},"end":{"line":111,"column":61}},"65":{"start":{"line":88,"column":13},"end":{"line":88,"column":26}},"66":{"start":{"line":115,"column":24},"end":{"line":151,"column":2}},"67":{"start":{"line":115,"column":62},"end":{"line":151,"column":2}},"68":{"start":{"line":116,"column":2},"end":{"line":116,"column":39}},"69":{"start":{"line":117,"column":17},"end":{"line":117,"column":34}},"70":{"start":{"line":118,"column":2},"end":{"line":118,"column":33}},"71":{"start":{"line":120,"column":20},"end":{"line":120,"column":28}},"72":{"start":{"line":121,"column":2},"end":{"line":121,"column":34}},"73":{"start":{"line":122,"column":21},"end":{"line":122,"column":52}},"74":{"start":{"line":123,"column":31},"end":{"line":123,"column":41}},"75":{"start":{"line":124,"column":2},"end":{"line":150,"column":null}},"76":{"start":{"line":125,"column":4},"end":{"line":125,"column":38}},"77":{"start":{"line":126,"column":23},"end":{"line":126,"column":50}},"78":{"start":{"line":127,"column":4},"end":{"line":145,"column":null}},"79":{"start":{"line":128,"column":18},"end":{"line":131,"column":8}},"80":{"start":{"line":132,"column":6},"end":{"line":132,"column":30}},"81":{"start":{"line":133,"column":23},"end":{"line":133,"column":39}},"82":{"start":{"line":134,"column":6},"end":{"line":134,"column":55}},"83":{"start":{"line":135,"column":11},"end":{"line":145,"column":null}},"84":{"start":{"line":136,"column":25},"end":{"line":140,"column":8}},"85":{"start":{"line":141,"column":23},"end":{"line":141,"column":39}},"86":{"start":{"line":142,"column":6},"end":{"line":144,"column":null}},"87":{"start":{"line":143,"column":8},"end":{"line":143,"column":57}},"88":{"start":{"line":146,"column":4},"end":{"line":146,"column":60}},"89":{"start":{"line":148,"column":4},"end":{"line":148,"column":23}},"90":{"start":{"line":149,"column":4},"end":{"line":149,"column":54}},"91":{"start":{"line":115,"column":13},"end":{"line":115,"column":24}},"92":{"start":{"line":153,"column":26},"end":{"line":168,"column":2}},"93":{"start":{"line":153,"column":64},"end":{"line":168,"column":2}},"94":{"start":{"line":154,"column":17},"end":{"line":154,"column":30}},"95":{"start":{"line":155,"column":31},"end":{"line":155,"column":43}},"96":{"start":{"line":156,"column":2},"end":{"line":167,"column":null}},"97":{"start":{"line":157,"column":23},"end":{"line":157,"column":51}},"98":{"start":{"line":158,"column":4},"end":{"line":163,"column":null}},"99":{"start":{"line":159,"column":6},"end":{"line":159,"column":33}},"100":{"start":{"line":160,"column":6},"end":{"line":160,"column":65}},"101":{"start":{"line":162,"column":6},"end":{"line":162,"column":65}},"102":{"start":{"line":165,"column":4},"end":{"line":165,"column":45}},"103":{"start":{"line":166,"column":4},"end":{"line":166,"column":61}},"104":{"start":{"line":153,"column":13},"end":{"line":153,"column":26}}},"fnMap":{"0":{"name":"(anonymous_8)","decl":{"start":{"line":8,"column":21},"end":{"line":8,"column":28}},"loc":{"start":{"line":8,"column":42},"end":{"line":12,"column":2}}},"1":{"name":"(anonymous_9)","decl":{"start":{"line":8,"column":42},"end":{"line":8,"column":null}},"loc":{"start":{"line":8,"column":42},"end":{"line":12,"column":1}}},"2":{"name":"(anonymous_10)","decl":{"start":{"line":14,"column":21},"end":{"line":14,"column":28}},"loc":{"start":{"line":14,"column":42},"end":{"line":18,"column":2}}},"3":{"name":"(anonymous_11)","decl":{"start":{"line":14,"column":42},"end":{"line":14,"column":null}},"loc":{"start":{"line":14,"column":42},"end":{"line":18,"column":1}}},"4":{"name":"(anonymous_12)","decl":{"start":{"line":20,"column":27},"end":{"line":20,"column":34}},"loc":{"start":{"line":20,"column":65},"end":{"line":72,"column":2}}},"5":{"name":"(anonymous_13)","decl":{"start":{"line":20,"column":65},"end":{"line":20,"column":null}},"loc":{"start":{"line":20,"column":65},"end":{"line":72,"column":1}}},"6":{"name":"(anonymous_14)","decl":{"start":{"line":50,"column":62},"end":{"line":50,"column":63}},"loc":{"start":{"line":50,"column":90},"end":{"line":54,"column":7}}},"7":{"name":"(anonymous_15)","decl":{"start":{"line":51,"column":55},"end":{"line":51,"column":56}},"loc":{"start":{"line":51,"column":84},"end":{"line":51,"column":108}}},"8":{"name":"(anonymous_16)","decl":{"start":{"line":74,"column":26},"end":{"line":74,"column":33}},"loc":{"start":{"line":74,"column":64},"end":{"line":86,"column":2}}},"9":{"name":"(anonymous_17)","decl":{"start":{"line":74,"column":64},"end":{"line":74,"column":null}},"loc":{"start":{"line":74,"column":64},"end":{"line":86,"column":1}}},"10":{"name":"(anonymous_18)","decl":{"start":{"line":88,"column":26},"end":{"line":88,"column":33}},"loc":{"start":{"line":88,"column":64},"end":{"line":113,"column":2}}},"11":{"name":"(anonymous_19)","decl":{"start":{"line":88,"column":64},"end":{"line":88,"column":null}},"loc":{"start":{"line":88,"column":64},"end":{"line":113,"column":1}}},"12":{"name":"(anonymous_20)","decl":{"start":{"line":115,"column":24},"end":{"line":115,"column":31}},"loc":{"start":{"line":115,"column":62},"end":{"line":151,"column":2}}},"13":{"name":"(anonymous_21)","decl":{"start":{"line":115,"column":62},"end":{"line":115,"column":null}},"loc":{"start":{"line":115,"column":62},"end":{"line":151,"column":1}}},"14":{"name":"(anonymous_22)","decl":{"start":{"line":153,"column":26},"end":{"line":153,"column":33}},"loc":{"start":{"line":153,"column":64},"end":{"line":168,"column":2}}},"15":{"name":"(anonymous_23)","decl":{"start":{"line":153,"column":64},"end":{"line":153,"column":null}},"loc":{"start":{"line":153,"column":64},"end":{"line":168,"column":1}}}},"branchMap":{"0":{"loc":{"start":{"line":28,"column":19},"end":{"line":28,"column":52}},"type":"cond-expr","locations":[{"start":{"line":28,"column":28},"end":{"line":28,"column":38}},{"start":{"line":28,"column":42},"end":{"line":28,"column":52}}]},"1":{"loc":{"start":{"line":30,"column":21},"end":{"line":30,"column":47}},"type":"cond-expr","locations":[{"start":{"line":30,"column":27},"end":{"line":30,"column":31}},{"start":{"line":30,"column":34},"end":{"line":30,"column":47}}]},"2":{"loc":{"start":{"line":32,"column":22},"end":{"line":32,"column":57}},"type":"cond-expr","locations":[{"start":{"line":32,"column":35},"end":{"line":32,"column":53}},{"start":{"line":32,"column":56},"end":{"line":32,"column":57}}]},"3":{"loc":{"start":{"line":32,"column":22},"end":{"line":32,"column":33}},"type":"binary-expr","locations":[{"start":{"line":32,"column":22},"end":{"line":32,"column":26}},{"start":{"line":32,"column":28},"end":{"line":32,"column":33}}]},"4":{"loc":{"start":{"line":39,"column":13},"end":{"line":39,"column":34}},"type":"cond-expr","locations":[{"start":{"line":39,"column":26},"end":{"line":39,"column":32}},{"start":{"line":39,"column":33},"end":{"line":39,"column":34}}]},"5":{"loc":{"start":{"line":39,"column":13},"end":{"line":39,"column":24}},"type":"binary-expr","locations":[{"start":{"line":39,"column":13},"end":{"line":39,"column":17}},{"start":{"line":39,"column":19},"end":{"line":39,"column":24}}]},"6":{"loc":{"start":{"line":45,"column":4},"end":{"line":63,"column":null}},"type":"if","locations":[{"start":{"line":45,"column":4},"end":{"line":63,"column":null}},{"start":{"line":61,"column":8},"end":{"line":63,"column":null}}]},"7":{"loc":{"start":{"line":76,"column":20},"end":{"line":76,"column":32}},"type":"cond-expr","locations":[{"start":{"line":76,"column":28},"end":{"line":76,"column":30}},{"start":{"line":76,"column":28},"end":{"line":76,"column":32}}]},"8":{"loc":{"start":{"line":76,"column":20},"end":{"line":76,"column":30}},"type":"binary-expr","locations":[{"start":{"line":76,"column":20},"end":{"line":76,"column":30}},{"start":{"line":76,"column":28},"end":{"line":76,"column":30}}]},"9":{"loc":{"start":{"line":95,"column":4},"end":{"line":108,"column":null}},"type":"if","locations":[{"start":{"line":95,"column":4},"end":{"line":108,"column":null}}]},"10":{"loc":{"start":{"line":97,"column":6},"end":{"line":107,"column":null}},"type":"if","locations":[{"start":{"line":97,"column":6},"end":{"line":107,"column":null}},{"start":{"line":99,"column":13},"end":{"line":107,"column":null}}]},"11":{"loc":{"start":{"line":97,"column":10},"end":{"line":97,"column":66}},"type":"binary-expr","locations":[{"start":{"line":97,"column":10},"end":{"line":97,"column":15}},{"start":{"line":97,"column":20},"end":{"line":97,"column":31}},{"start":{"line":97,"column":35},"end":{"line":97,"column":65}}]},"12":{"loc":{"start":{"line":127,"column":4},"end":{"line":145,"column":null}},"type":"if","locations":[{"start":{"line":127,"column":4},"end":{"line":145,"column":null}},{"start":{"line":135,"column":11},"end":{"line":145,"column":null}}]},"13":{"loc":{"start":{"line":127,"column":8},"end":{"line":127,"column":27}},"type":"binary-expr","locations":[{"start":{"line":127,"column":8},"end":{"line":127,"column":18}},{"start":{"line":127,"column":22},"end":{"line":127,"column":27}}]},"14":{"loc":{"start":{"line":135,"column":11},"end":{"line":145,"column":null}},"type":"if","locations":[{"start":{"line":135,"column":11},"end":{"line":145,"column":null}}]},"15":{"loc":{"start":{"line":135,"column":15},"end":{"line":135,"column":35}},"type":"binary-expr","locations":[{"start":{"line":135,"column":15},"end":{"line":135,"column":25}},{"start":{"line":135,"column":29},"end":{"line":135,"column":35}}]},"16":{"loc":{"start":{"line":142,"column":6},"end":{"line":144,"column":null}},"type":"if","locations":[{"start":{"line":142,"column":6},"end":{"line":144,"column":null}}]},"17":{"loc":{"start":{"line":155,"column":31},"end":{"line":155,"column":43}},"type":"cond-expr","locations":[{"start":{"line":155,"column":39},"end":{"line":155,"column":41}},{"start":{"line":155,"column":39},"end":{"line":155,"column":43}}]},"18":{"loc":{"start":{"line":155,"column":31},"end":{"line":155,"column":41}},"type":"binary-expr","locations":[{"start":{"line":155,"column":31},"end":{"line":155,"column":41}},{"start":{"line":155,"column":39},"end":{"line":155,"column":41}}]},"19":{"loc":{"start":{"line":158,"column":4},"end":{"line":163,"column":null}},"type":"if","locations":[{"start":{"line":158,"column":4},"end":{"line":163,"column":null}},{"start":{"line":161,"column":11},"end":{"line":163,"column":null}}]},"20":{"loc":{"start":{"line":158,"column":8},"end":{"line":158,"column":52}},"type":"binary-expr","locations":[{"start":{"line":158,"column":8},"end":{"line":158,"column":18}},{"start":{"line":158,"column":22},"end":{"line":158,"column":52}}]}},"s":{"0":1,"1":1,"2":1,"3":1,"4":1,"5":0,"6":0,"7":0,"8":0,"9":1,"10":0,"11":0,"12":0,"13":0,"14":1,"15":1,"16":1,"17":1,"18":1,"19":1,"20":1,"21":1,"22":1,"23":1,"24":1,"25":1,"26":0,"27":0,"28":0,"29":0,"30":0,"31":0,"32":0,"33":0,"34":0,"35":1,"36":0,"37":0,"38":1,"39":1,"40":0,"41":0,"42":0,"43":0,"44":0,"45":0,"46":0,"47":0,"48":0,"49":1,"50":1,"51":0,"52":0,"53":0,"54":0,"55":0,"56":0,"57":0,"58":0,"59":0,"60":0,"61":0,"62":0,"63":0,"64":0,"65":1,"66":1,"67":0,"68":0,"69":0,"70":0,"71":0,"72":0,"73":0,"74":0,"75":0,"76":0,"77":0,"78":0,"79":0,"80":0,"81":0,"82":0,"83":0,"84":0,"85":0,"86":0,"87":0,"88":0,"89":0,"90":0,"91":1,"92":1,"93":0,"94":0,"95":0,"96":0,"97":0,"98":0,"99":0,"100":0,"101":0,"102":0,"103":0,"104":1},"f":{"0":0,"1":0,"2":0,"3":0,"4":1,"5":1,"6":0,"7":0,"8":0,"9":0,"10":0,"11":0,"12":0,"13":0,"14":0,"15":0},"b":{"0":[0,1],"1":[0,1],"2":[0,1],"3":[1,0],"4":[0,1],"5":[1,0],"6":[0,1],"7":[0,0],"8":[0,0],"9":[0],"10":[0,0],"11":[0,0,0],"12":[0,0],"13":[0,0],"14":[0],"15":[0,0],"16":[0],"17":[0,0],"18":[0,0],"19":[0,0],"20":[0,0]}}
,"/home/siddharthjain/Documents/blogs-website/server/src/Blogs/Service/Dto/CreateBlogDto.ts": {"path":"/home/siddharthjain/Documents/blogs-website/server/src/Blogs/Service/Dto/CreateBlogDto.ts","statementMap":{"0":{"start":{"line":1,"column":0},"end":{"line":1,"column":55}},"1":{"start":{"line":3,"column":0},"end":{"line":3,"column":13}},"2":{"start":{"line":6,"column":4},"end":{"line":6,"column":null}},"3":{"start":{"line":9,"column":4},"end":{"line":9,"column":null}}},"fnMap":{},"branchMap":{},"s":{"0":1,"1":1,"2":1,"3":1},"f":{},"b":{}}
,"/home/siddharthjain/Documents/blogs-website/server/src/Blogs/Service/Dto/UpdateBlogDto.ts": {"path":"/home/siddharthjain/Documents/blogs-website/server/src/Blogs/Service/Dto/UpdateBlogDto.ts","statementMap":{"0":{"start":{"line":1,"column":0},"end":{"line":1,"column":68}},"1":{"start":{"line":3,"column":0},"end":{"line":3,"column":13}},"2":{"start":{"line":9,"column":4},"end":{"line":9,"column":null}},"3":{"start":{"line":13,"column":4},"end":{"line":13,"column":null}},"4":{"start":{"line":16,"column":4},"end":{"line":16,"column":null}}},"fnMap":{},"branchMap":{},"s":{"0":1,"1":1,"2":1,"3":1,"4":1},"f":{},"b":{}}
,"/home/siddharthjain/Documents/blogs-website/server/src/Blogs/Service/Dto/index.ts": {"path":"/home/siddharthjain/Documents/blogs-website/server/src/Blogs/Service/Dto/index.ts","statementMap":{"0":{"start":{"line":1,"column":0},"end":{"line":1,"column":31}},"1":{"start":{"line":2,"column":0},"end":{"line":2,"column":31}}},"fnMap":{},"branchMap":{},"s":{"0":1,"1":1},"f":{},"b":{}}
,"/home/siddharthjain/Documents/blogs-website/server/src/Jwt/jwtStartegy.ts": {"path":"/home/siddharthjain/Documents/blogs-website/server/src/Jwt/jwtStartegy.ts","statementMap":{"0":{"start":{"line":2,"column":0},"end":{"line":2,"column":30}},"1":{"start":{"line":3,"column":0},"end":{"line":3,"column":27}},"2":{"start":{"line":4,"column":0},"end":{"line":4,"column":16}},"3":{"start":{"line":7,"column":30},"end":{"line":25,"column":1}},"4":{"start":{"line":9,"column":4},"end":{"line":9,"column":45}},"5":{"start":{"line":10,"column":4},"end":{"line":24,"column":null}},"6":{"start":{"line":11,"column":25},"end":{"line":11,"column":57}},"7":{"start":{"line":12,"column":22},"end":{"line":12,"column":72}},"8":{"start":{"line":13,"column":8},"end":{"line":16,"column":null}},"9":{"start":{"line":15,"column":12},"end":{"line":15,"column":30}},"10":{"start":{"line":17,"column":23},"end":{"line":17,"column":72}},"11":{"start":{"line":18,"column":8},"end":{"line":18,"column":49}},"12":{"start":{"line":19,"column":8},"end":{"line":19,"column":null}},"13":{"start":{"line":21,"column":8},"end":{"line":21,"column":15}},"14":{"start":{"line":23,"column":8},"end":{"line":23,"column":28}},"15":{"start":{"line":7,"column":13},"end":{"line":7,"column":30}}},"fnMap":{"0":{"name":"(anonymous_1)","decl":{"start":{"line":7,"column":30},"end":{"line":7,"column":31}},"loc":{"start":{"line":7,"column":80},"end":{"line":25,"column":1}}}},"branchMap":{"0":{"loc":{"start":{"line":12,"column":22},"end":{"line":12,"column":72}},"type":"cond-expr","locations":[{"start":{"line":12,"column":49},"end":{"line":12,"column":51}},{"start":{"line":12,"column":49},"end":{"line":12,"column":72}}]},"1":{"loc":{"start":{"line":12,"column":22},"end":{"line":12,"column":51}},"type":"binary-expr","locations":[{"start":{"line":12,"column":22},"end":{"line":12,"column":51}},{"start":{"line":12,"column":49},"end":{"line":12,"column":51}}]},"2":{"loc":{"start":{"line":13,"column":8},"end":{"line":16,"column":null}},"type":"if","locations":[{"start":{"line":13,"column":8},"end":{"line":16,"column":null}}]}},"s":{"0":1,"1":1,"2":1,"3":1,"4":1,"5":1,"6":1,"7":1,"8":1,"9":1,"10":0,"11":0,"12":0,"13":0,"14":1,"15":1},"f":{"0":1},"b":{"0":[1,0],"1":[1,1],"2":[1]}}
,"/home/siddharthjain/Documents/blogs-website/server/src/Validation/validate.ts": {"path":"/home/siddharthjain/Documents/blogs-website/server/src/Validation/validate.ts","statementMap":{"0":{"start":{"line":1,"column":0},"end":{"line":1,"column":66}},"1":{"start":{"line":3,"column":40},"end":{"line":20,"column":2}},"2":{"start":{"line":3,"column":67},"end":{"line":20,"column":2}},"3":{"start":{"line":3,"column":125},"end":{"line":20,"column":2}},"4":{"start":{"line":4,"column":24},"end":{"line":4,"column":94}},"5":{"start":{"line":5,"column":6},"end":{"line":17,"column":null}},"6":{"start":{"line":7,"column":33},"end":{"line":7,"column":40}},"7":{"start":{"line":8,"column":16},"end":{"line":10,"column":null}},"8":{"start":{"line":9,"column":20},"end":{"line":9,"column":74}},"9":{"start":{"line":11,"column":16},"end":{"line":11,"column":40}},"10":{"start":{"line":12,"column":16},"end":{"line":12,"column":49}},"11":{"start":{"line":15,"column":8},"end":{"line":15,"column":15}},"12":{"start":{"line":16,"column":6},"end":{"line":16,"column":18}},"13":{"start":{"line":3,"column":13},"end":{"line":3,"column":40}}},"fnMap":{"0":{"name":"(anonymous_7)","decl":{"start":{"line":3,"column":40},"end":{"line":3,"column":42}},"loc":{"start":{"line":3,"column":67},"end":{"line":20,"column":2}}},"1":{"name":"(anonymous_8)","decl":{"start":{"line":3,"column":67},"end":{"line":3,"column":74}},"loc":{"start":{"line":3,"column":125},"end":{"line":20,"column":2}}},"2":{"name":"(anonymous_9)","decl":{"start":{"line":3,"column":125},"end":{"line":3,"column":null}},"loc":{"start":{"line":3,"column":125},"end":{"line":20,"column":1}}}},"branchMap":{"0":{"loc":{"start":{"line":5,"column":6},"end":{"line":17,"column":null}},"type":"if","locations":[{"start":{"line":5,"column":6},"end":{"line":17,"column":null}},{"start":{"line":14,"column":10},"end":{"line":17,"column":null}}]}},"s":{"0":1,"1":1,"2":4,"3":1,"4":1,"5":1,"6":0,"7":0,"8":0,"9":0,"10":0,"11":1,"12":1,"13":1},"f":{"0":4,"1":1,"2":1},"b":{"0":[0,1]}}
,"/home/siddharthjain/Documents/blogs-website/server/src/Validation/validation.ts": {"path":"/home/siddharthjain/Documents/blogs-website/server/src/Validation/validation.ts","statementMap":{"0":{"start":{"line":1,"column":0},"end":{"line":1,"column":52}},"1":{"start":{"line":2,"column":0},"end":{"line":2,"column":43}},"2":{"start":{"line":3,"column":0},"end":{"line":3,"column":32}},"3":{"start":{"line":5,"column":30},"end":{"line":12,"column":2}},"4":{"start":{"line":5,"column":84},"end":{"line":12,"column":2}},"5":{"start":{"line":6,"column":32},"end":{"line":6,"column":70}},"6":{"start":{"line":7,"column":17},"end":{"line":7,"column":49}},"7":{"start":{"line":8,"column":2},"end":{"line":10,"column":null}},"8":{"start":{"line":9,"column":4},"end":{"line":9,"column":18}},"9":{"start":{"line":11,"column":2},"end":{"line":11,"column":14}},"10":{"start":{"line":5,"column":13},"end":{"line":5,"column":30}}},"fnMap":{"0":{"name":"(anonymous_11)","decl":{"start":{"line":5,"column":30},"end":{"line":5,"column":37}},"loc":{"start":{"line":5,"column":84},"end":{"line":12,"column":2}}},"1":{"name":"(anonymous_12)","decl":{"start":{"line":5,"column":84},"end":{"line":5,"column":null}},"loc":{"start":{"line":5,"column":84},"end":{"line":12,"column":1}}}},"branchMap":{"0":{"loc":{"start":{"line":8,"column":2},"end":{"line":10,"column":null}},"type":"if","locations":[{"start":{"line":8,"column":2},"end":{"line":10,"column":null}}]}},"s":{"0":1,"1":1,"2":1,"3":1,"4":1,"5":1,"6":1,"7":1,"8":0,"9":1,"10":1},"f":{"0":1,"1":1},"b":{"0":[0]}}
,"/home/siddharthjain/Documents/blogs-website/server/src/config/passport.ts": {"path":"/home/siddharthjain/Documents/blogs-website/server/src/config/passport.ts","statementMap":{"0":{"start":{"line":1,"column":0},"end":{"line":1,"column":32}},"1":{"start":{"line":2,"column":0},"end":{"line":2,"column":53}},"2":{"start":{"line":3,"column":0},"end":{"line":3,"column":37}},"3":{"start":{"line":4,"column":0},"end":{"line":4,"column":30}},"4":{"start":{"line":5,"column":23},"end":{"line":5,"column":46}},"5":{"start":{"line":8,"column":0},"end":{"line":10,"column":3}},"6":{"start":{"line":9,"column":2},"end":{"line":9,"column":19}},"7":{"start":{"line":12,"column":0},"end":{"line":15,"column":3}},"8":{"start":{"line":12,"column":51},"end":{"line":15,"column":2}},"9":{"start":{"line":13,"column":15},"end":{"line":13,"column":38}},"10":{"start":{"line":14,"column":2},"end":{"line":14,"column":19}},"11":{"start":{"line":16,"column":0},"end":{"line":51,"column":2}},"12":{"start":{"line":24,"column":59},"end":{"line":49,"column":null}},"13":{"start":{"line":25,"column":6},"end":{"line":25,"column":45}},"14":{"start":{"line":26,"column":6},"end":{"line":26,"column":47}},"15":{"start":{"line":27,"column":6},"end":{"line":27,"column":37}},"16":{"start":{"line":28,"column":6},"end":{"line":45,"column":null}},"17":{"start":{"line":30,"column":48},"end":{"line":30,"column":55}},"18":{"start":{"line":31,"column":28},"end":{"line":31,"column":66}},"19":{"start":{"line":32,"column":26},"end":{"line":32,"column":47}},"20":{"start":{"line":33,"column":29},"end":{"line":33,"column":47}},"21":{"start":{"line":34,"column":19},"end":{"line":34,"column":23}},"22":{"start":{"line":35,"column":9},"end":{"line":35,"column":63}},"23":{"start":{"line":36,"column":9},"end":{"line":39,"column":null}},"24":{"start":{"line":38,"column":12},"end":{"line":38,"column":94}},"25":{"start":{"line":41,"column":33},"end":{"line":41,"column":65}},"26":{"start":{"line":42,"column":22},"end":{"line":42,"column":53}},"27":{"start":{"line":43,"column":20},"end":{"line":43,"column":67}},"28":{"start":{"line":44,"column":6},"end":{"line":44,"column":23}}},"fnMap":{"0":{"name":"(anonymous_8)","decl":{"start":{"line":8,"column":23},"end":{"line":8,"column":32}},"loc":{"start":{"line":8,"column":42},"end":{"line":10,"column":1}}},"1":{"name":"(anonymous_9)","decl":{"start":{"line":12,"column":25},"end":{"line":12,"column":32}},"loc":{"start":{"line":12,"column":51},"end":{"line":15,"column":2}}},"2":{"name":"(anonymous_10)","decl":{"start":{"line":12,"column":51},"end":{"line":12,"column":null}},"loc":{"start":{"line":12,"column":51},"end":{"line":15,"column":1}}},"3":{"name":"(anonymous_11)","decl":{"start":{"line":24,"column":4},"end":{"line":24,"column":11}},"loc":{"start":{"line":24,"column":59},"end":{"line":49,"column":null}}},"4":{"name":"(anonymous_12)","decl":{"start":{"line":24,"column":59},"end":{"line":24,"column":null}},"loc":{"start":{"line":24,"column":59},"end":{"line":49,"column":5}}}},"branchMap":{"0":{"loc":{"start":{"line":28,"column":6},"end":{"line":45,"column":null}},"type":"if","locations":[{"start":{"line":28,"column":6},"end":{"line":45,"column":null}}]},"1":{"loc":{"start":{"line":31,"column":28},"end":{"line":31,"column":66}},"type":"cond-expr","locations":[{"start":{"line":31,"column":35},"end":{"line":31,"column":60}},{"start":{"line":31,"column":64},"end":{"line":31,"column":66}}]},"2":{"loc":{"start":{"line":36,"column":9},"end":{"line":39,"column":null}},"type":"if","locations":[{"start":{"line":36,"column":9},"end":{"line":39,"column":null}}]}},"s":{"0":1,"1":1,"2":1,"3":1,"4":1,"5":1,"6":0,"7":1,"8":0,"9":0,"10":0,"11":1,"12":0,"13":0,"14":0,"15":0,"16":0,"17":0,"18":0,"19":0,"20":0,"21":0,"22":0,"23":0,"24":0,"25":0,"26":0,"27":0,"28":0},"f":{"0":0,"1":0,"2":0,"3":0,"4":0},"b":{"0":[0],"1":[0,0],"2":[0]}}
,"/home/siddharthjain/Documents/blogs-website/server/src/db/config.ts": {"path":"/home/siddharthjain/Documents/blogs-website/server/src/db/config.ts","statementMap":{"0":{"start":{"line":1,"column":0},"end":{"line":1,"column":27}},"1":{"start":{"line":2,"column":0},"end":{"line":2,"column":16}},"2":{"start":{"line":3,"column":0},"end":{"line":3,"column":47}},"3":{"start":{"line":5,"column":13},"end":{"line":5,"column":32}},"4":{"start":{"line":6,"column":15},"end":{"line":6,"column":47}},"5":{"start":{"line":7,"column":16},"end":{"line":7,"column":49}},"6":{"start":{"line":8,"column":13},"end":{"line":8,"column":46}},"7":{"start":{"line":9,"column":16},"end":{"line":9,"column":39}},"8":{"start":{"line":11,"column":0},"end":{"line":18,"column":null}},"9":{"start":{"line":13,"column":1},"end":{"line":13,"column":30}},"10":{"start":{"line":14,"column":1},"end":{"line":14,"column":45}},"11":{"start":{"line":15,"column":1},"end":{"line":15,"column":47}},"12":{"start":{"line":16,"column":1},"end":{"line":16,"column":49}},"13":{"start":{"line":17,"column":1},"end":{"line":17,"column":null}},"14":{"start":{"line":20,"column":28},"end":{"line":24,"column":2}},"15":{"start":{"line":26,"column":0},"end":{"line":26,"column":143}},"16":{"start":{"line":26,"column":45},"end":{"line":26,"column":85}},"17":{"start":{"line":26,"column":101},"end":{"line":26,"column":141}},"18":{"start":{"line":27,"column":0},"end":{"line":27,"column":35}}},"fnMap":{"0":{"name":"(anonymous_1)","decl":{"start":{"line":26,"column":40},"end":{"line":26,"column":42}},"loc":{"start":{"line":26,"column":44},"end":{"line":26,"column":85}}},"1":{"name":"(anonymous_2)","decl":{"start":{"line":26,"column":93},"end":{"line":26,"column":94}},"loc":{"start":{"line":26,"column":100},"end":{"line":26,"column":141}}}},"branchMap":{"0":{"loc":{"start":{"line":11,"column":0},"end":{"line":18,"column":null}},"type":"if","locations":[{"start":{"line":11,"column":0},"end":{"line":18,"column":null}}]}},"s":{"0":1,"1":1,"2":1,"3":1,"4":1,"5":1,"6":1,"7":1,"8":1,"9":1,"10":1,"11":1,"12":1,"13":1,"14":1,"15":1,"16":1,"17":0,"18":1},"f":{"0":1,"1":0},"b":{"0":[1]}}
,"/home/siddharthjain/Documents/blogs-website/server/src/db/models/blogs.ts": {"path":"/home/siddharthjain/Documents/blogs-website/server/src/db/models/blogs.ts","statementMap":{"0":{"start":{"line":2,"column":0},"end":{"line":2,"column":42}},"1":{"start":{"line":3,"column":0},"end":{"line":3,"column":44}},"2":{"start":{"line":4,"column":0},"end":{"line":4,"column":26}},"3":{"start":{"line":25,"column":2},"end":{"line":60,"column":5}},"4":{"start":{"line":63,"column":2},"end":{"line":63,"column":23}}},"fnMap":{},"branchMap":{},"s":{"0":1,"1":1,"2":1,"3":1,"4":1},"f":{},"b":{}}
,"/home/siddharthjain/Documents/blogs-website/server/src/db/models/likes.ts": {"path":"/home/siddharthjain/Documents/blogs-website/server/src/db/models/likes.ts","statementMap":{"0":{"start":{"line":1,"column":0},"end":{"line":1,"column":45}},"1":{"start":{"line":2,"column":0},"end":{"line":2,"column":44}},"2":{"start":{"line":3,"column":0},"end":{"line":3,"column":26}},"3":{"start":{"line":4,"column":0},"end":{"line":4,"column":28}},"4":{"start":{"line":21,"column":0},"end":{"line":49,"column":3}},"5":{"start":{"line":51,"column":0},"end":{"line":56,"column":5}},"6":{"start":{"line":57,"column":2},"end":{"line":62,"column":5}},"7":{"start":{"line":63,"column":1},"end":{"line":63,"column":47}},"8":{"start":{"line":64,"column":1},"end":{"line":64,"column":46}},"9":{"start":{"line":66,"column":0},"end":{"line":66,"column":21}}},"fnMap":{},"branchMap":{},"s":{"0":1,"1":1,"2":1,"3":1,"4":1,"5":1,"6":1,"7":1,"8":1,"9":1},"f":{},"b":{}}
,"/home/siddharthjain/Documents/blogs-website/server/src/db/models/user.ts": {"path":"/home/siddharthjain/Documents/blogs-website/server/src/db/models/user.ts","statementMap":{"0":{"start":{"line":2,"column":0},"end":{"line":2,"column":43}},"1":{"start":{"line":3,"column":0},"end":{"line":3,"column":44}},"2":{"start":{"line":30,"column":2},"end":{"line":57,"column":5}},"3":{"start":{"line":59,"column":2},"end":{"line":59,"column":22}}},"fnMap":{},"branchMap":{},"s":{"0":1,"1":1,"2":1,"3":1},"f":{},"b":{}}
}
