{"/home/siddharthjain/Documents/blogs-website/server/src/Auth/Service/AuthService.ts": {"path":"/home/siddharthjain/Documents/blogs-website/server/src/Auth/Service/AuthService.ts","statementMap":{"0":{"start":{"line":1,"column":0},"end":{"line":1,"column":39}},"1":{"start":{"line":6,"column":3},"end":{"line":8,"column":null}},"2":{"start":{"line":6,"column":41},"end":{"line":8,"column":null}},"3":{"start":{"line":7,"column":6},"end":{"line":7,"column":null}},"4":{"start":{"line":10,"column":3},"end":{"line":21,"column":null}},"5":{"start":{"line":10,"column":50},"end":{"line":21,"column":null}},"6":{"start":{"line":11,"column":4},"end":{"line":19,"column":null}},"7":{"start":{"line":12,"column":38},"end":{"line":12,"column":44}},"8":{"start":{"line":13,"column":21},"end":{"line":13,"column":61}},"9":{"start":{"line":14,"column":8},"end":{"line":14,"column":65}},"10":{"start":{"line":16,"column":6},"end":{"line":16,"column":25}},"11":{"start":{"line":17,"column":8},"end":{"line":17,"column":56}},"12":{"start":{"line":4,"column":0},"end":{"line":4,"column":21}}},"fnMap":{"0":{"name":"(anonymous_8)","decl":{"start":{"line":4,"column":0},"end":{"line":4,"column":21}},"loc":{"start":{"line":4,"column":0},"end":{"line":22,"column":1}}},"1":{"name":"(anonymous_9)","decl":{"start":{"line":6,"column":18},"end":{"line":6,"column":25}},"loc":{"start":{"line":6,"column":41},"end":{"line":8,"column":null}}},"2":{"name":"(anonymous_10)","decl":{"start":{"line":6,"column":41},"end":{"line":6,"column":null}},"loc":{"start":{"line":6,"column":41},"end":{"line":8,"column":4}}},"3":{"name":"(anonymous_11)","decl":{"start":{"line":10,"column":14},"end":{"line":10,"column":21}},"loc":{"start":{"line":10,"column":50},"end":{"line":21,"column":null}}},"4":{"name":"(anonymous_12)","decl":{"start":{"line":10,"column":50},"end":{"line":10,"column":null}},"loc":{"start":{"line":10,"column":50},"end":{"line":21,"column":4}}}},"branchMap":{},"s":{"0":1,"1":1,"2":0,"3":0,"4":1,"5":0,"6":0,"7":0,"8":0,"9":0,"10":0,"11":0,"12":1},"f":{"0":1,"1":0,"2":0,"3":0,"4":0},"b":{}}
,"/home/siddharthjain/Documents/blogs-website/server/src/Blogs/Service/BlogsService.ts": {"path":"/home/siddharthjain/Documents/blogs-website/server/src/Blogs/Service/BlogsService.ts","statementMap":{"0":{"start":{"line":1,"column":0},"end":{"line":1,"column":39}},"1":{"start":{"line":2,"column":0},"end":{"line":2,"column":47}},"2":{"start":{"line":3,"column":0},"end":{"line":3,"column":42}},"3":{"start":{"line":4,"column":0},"end":{"line":4,"column":39}},"4":{"start":{"line":5,"column":0},"end":{"line":5,"column":31}},"5":{"start":{"line":6,"column":0},"end":{"line":6,"column":66}},"6":{"start":{"line":11,"column":4},"end":{"line":14,"column":8}},"7":{"start":{"line":11,"column":40},"end":{"line":14,"column":8}},"8":{"start":{"line":12,"column":27},"end":{"line":12,"column":51}},"9":{"start":{"line":13,"column":8},"end":{"line":13,"column":26}},"10":{"start":{"line":16,"column":4},"end":{"line":107,"column":null}},"11":{"start":{"line":16,"column":52},"end":{"line":107,"column":null}},"12":{"start":{"line":17,"column":8},"end":{"line":105,"column":null}},"13":{"start":{"line":18,"column":59},"end":{"line":18,"column":65}},"14":{"start":{"line":19,"column":25},"end":{"line":19,"column":31}},"15":{"start":{"line":20,"column":12},"end":{"line":20,"column":36}},"16":{"start":{"line":21,"column":30},"end":{"line":21,"column":32}},"17":{"start":{"line":22,"column":12},"end":{"line":24,"column":null}},"18":{"start":{"line":23,"column":14},"end":{"line":23,"column":37}},"19":{"start":{"line":25,"column":12},"end":{"line":27,"column":null}},"20":{"start":{"line":26,"column":14},"end":{"line":26,"column":33}},"21":{"start":{"line":29,"column":29},"end":{"line":29,"column":47}},"22":{"start":{"line":36,"column":27},"end":{"line":36,"column":38}},"23":{"start":{"line":37,"column":30},"end":{"line":37,"column":59}},"24":{"start":{"line":39,"column":27},"end":{"line":39,"column":67}},"25":{"start":{"line":41,"column":12},"end":{"line":41,"column":42}},"26":{"start":{"line":42,"column":12},"end":{"line":42,"column":46}},"27":{"start":{"line":44,"column":54},"end":{"line":86,"column":14}},"28":{"start":{"line":88,"column":12},"end":{"line":88,"column":32}},"29":{"start":{"line":103,"column":12},"end":{"line":103,"column":null}},"30":{"start":{"line":104,"column":12},"end":{"line":104,"column":null}},"31":{"start":{"line":109,"column":5},"end":{"line":130,"column":null}},"32":{"start":{"line":109,"column":53},"end":{"line":130,"column":null}},"33":{"start":{"line":110,"column":32},"end":{"line":110,"column":38}},"34":{"start":{"line":111,"column":8},"end":{"line":128,"column":null}},"35":{"start":{"line":112,"column":32},"end":{"line":112,"column":60}},"36":{"start":{"line":113,"column":12},"end":{"line":123,"column":null}},"37":{"start":{"line":114,"column":14},"end":{"line":122,"column":null}},"38":{"start":{"line":115,"column":16},"end":{"line":119,"column":null}},"39":{"start":{"line":116,"column":18},"end":{"line":116,"column":48}},"40":{"start":{"line":118,"column":18},"end":{"line":118,"column":53}},"41":{"start":{"line":121,"column":16},"end":{"line":121,"column":35}},"42":{"start":{"line":125,"column":12},"end":{"line":125,"column":57}},"43":{"start":{"line":126,"column":12},"end":{"line":126,"column":null}},"44":{"start":{"line":132,"column":4},"end":{"line":150,"column":null}},"45":{"start":{"line":132,"column":52},"end":{"line":150,"column":null}},"46":{"start":{"line":133,"column":55},"end":{"line":133,"column":61}},"47":{"start":{"line":134,"column":8},"end":{"line":148,"column":null}},"48":{"start":{"line":135,"column":31},"end":{"line":135,"column":59}},"49":{"start":{"line":136,"column":12},"end":{"line":144,"column":null}},"50":{"start":{"line":138,"column":14},"end":{"line":143,"column":null}},"51":{"start":{"line":139,"column":16},"end":{"line":139,"column":76}},"52":{"start":{"line":141,"column":16},"end":{"line":141,"column":64}},"53":{"start":{"line":142,"column":16},"end":{"line":142,"column":null}},"54":{"start":{"line":146,"column":12},"end":{"line":146,"column":53}},"55":{"start":{"line":147,"column":12},"end":{"line":147,"column":null}},"56":{"start":{"line":151,"column":4},"end":{"line":170,"column":null}},"57":{"start":{"line":151,"column":52},"end":{"line":170,"column":null}},"58":{"start":{"line":152,"column":37},"end":{"line":152,"column":43}},"59":{"start":{"line":153,"column":8},"end":{"line":168,"column":null}},"60":{"start":{"line":154,"column":31},"end":{"line":154,"column":59}},"61":{"start":{"line":155,"column":12},"end":{"line":155,"column":33}},"62":{"start":{"line":156,"column":12},"end":{"line":162,"column":null}},"63":{"start":{"line":157,"column":14},"end":{"line":157,"column":41}},"64":{"start":{"line":158,"column":14},"end":{"line":158,"column":null}},"65":{"start":{"line":161,"column":14},"end":{"line":161,"column":73}},"66":{"start":{"line":164,"column":12},"end":{"line":164,"column":53}},"67":{"start":{"line":165,"column":12},"end":{"line":165,"column":null}},"68":{"start":{"line":8,"column":0},"end":{"line":8,"column":21}}},"fnMap":{"0":{"name":"(anonymous_8)","decl":{"start":{"line":8,"column":0},"end":{"line":8,"column":21}},"loc":{"start":{"line":8,"column":0},"end":{"line":171,"column":1}}},"1":{"name":"(anonymous_9)","decl":{"start":{"line":11,"column":19},"end":{"line":11,"column":26}},"loc":{"start":{"line":11,"column":40},"end":{"line":14,"column":8}}},"2":{"name":"(anonymous_10)","decl":{"start":{"line":11,"column":40},"end":{"line":11,"column":null}},"loc":{"start":{"line":11,"column":40},"end":{"line":14,"column":7}}},"3":{"name":"(anonymous_11)","decl":{"start":{"line":16,"column":16},"end":{"line":16,"column":23}},"loc":{"start":{"line":16,"column":52},"end":{"line":107,"column":null}}},"4":{"name":"(anonymous_12)","decl":{"start":{"line":16,"column":52},"end":{"line":16,"column":null}},"loc":{"start":{"line":16,"column":52},"end":{"line":107,"column":5}}},"5":{"name":"(anonymous_13)","decl":{"start":{"line":109,"column":17},"end":{"line":109,"column":24}},"loc":{"start":{"line":109,"column":53},"end":{"line":130,"column":null}}},"6":{"name":"(anonymous_14)","decl":{"start":{"line":109,"column":53},"end":{"line":109,"column":null}},"loc":{"start":{"line":109,"column":53},"end":{"line":130,"column":5}}},"7":{"name":"(anonymous_15)","decl":{"start":{"line":132,"column":16},"end":{"line":132,"column":23}},"loc":{"start":{"line":132,"column":52},"end":{"line":150,"column":null}}},"8":{"name":"(anonymous_16)","decl":{"start":{"line":132,"column":52},"end":{"line":132,"column":null}},"loc":{"start":{"line":132,"column":52},"end":{"line":150,"column":5}}},"9":{"name":"(anonymous_17)","decl":{"start":{"line":151,"column":16},"end":{"line":151,"column":23}},"loc":{"start":{"line":151,"column":52},"end":{"line":170,"column":null}}},"10":{"name":"(anonymous_18)","decl":{"start":{"line":151,"column":52},"end":{"line":151,"column":null}},"loc":{"start":{"line":151,"column":52},"end":{"line":170,"column":5}}}},"branchMap":{"0":{"loc":{"start":{"line":22,"column":12},"end":{"line":24,"column":null}},"type":"if","locations":[{"start":{"line":22,"column":12},"end":{"line":24,"column":null}}]},"1":{"loc":{"start":{"line":25,"column":12},"end":{"line":27,"column":null}},"type":"if","locations":[{"start":{"line":25,"column":12},"end":{"line":27,"column":null}}]},"2":{"loc":{"start":{"line":29,"column":29},"end":{"line":29,"column":47}},"type":"cond-expr","locations":[{"start":{"line":29,"column":36},"end":{"line":29,"column":40}},{"start":{"line":29,"column":43},"end":{"line":29,"column":47}}]},"3":{"loc":{"start":{"line":37,"column":30},"end":{"line":37,"column":59}},"type":"cond-expr","locations":[{"start":{"line":37,"column":37},"end":{"line":37,"column":41}},{"start":{"line":37,"column":45},"end":{"line":37,"column":59}}]},"4":{"loc":{"start":{"line":39,"column":27},"end":{"line":39,"column":67}},"type":"cond-expr","locations":[{"start":{"line":39,"column":43},"end":{"line":39,"column":63}},{"start":{"line":39,"column":66},"end":{"line":39,"column":67}}]},"5":{"loc":{"start":{"line":39,"column":27},"end":{"line":39,"column":40}},"type":"binary-expr","locations":[{"start":{"line":39,"column":27},"end":{"line":39,"column":31}},{"start":{"line":39,"column":35},"end":{"line":39,"column":40}}]},"6":{"loc":{"start":{"line":76,"column":28},"end":{"line":76,"column":47}},"type":"cond-expr","locations":[{"start":{"line":76,"column":35},"end":{"line":76,"column":39}},{"start":{"line":76,"column":42},"end":{"line":76,"column":47}}]},"7":{"loc":{"start":{"line":77,"column":25},"end":{"line":77,"column":69}},"type":"cond-expr","locations":[{"start":{"line":77,"column":32},"end":{"line":77,"column":64}},{"start":{"line":77,"column":67},"end":{"line":77,"column":69}}]},"8":{"loc":{"start":{"line":83,"column":21},"end":{"line":83,"column":46}},"type":"cond-expr","locations":[{"start":{"line":83,"column":37},"end":{"line":83,"column":43}},{"start":{"line":83,"column":45},"end":{"line":83,"column":46}}]},"9":{"loc":{"start":{"line":83,"column":21},"end":{"line":83,"column":34}},"type":"binary-expr","locations":[{"start":{"line":83,"column":21},"end":{"line":83,"column":25}},{"start":{"line":83,"column":29},"end":{"line":83,"column":34}}]},"10":{"loc":{"start":{"line":113,"column":12},"end":{"line":123,"column":null}},"type":"if","locations":[{"start":{"line":113,"column":12},"end":{"line":123,"column":null}}]},"11":{"loc":{"start":{"line":113,"column":16},"end":{"line":113,"column":35}},"type":"binary-expr","locations":[{"start":{"line":113,"column":16},"end":{"line":113,"column":27}},{"start":{"line":113,"column":31},"end":{"line":113,"column":35}}]},"12":{"loc":{"start":{"line":115,"column":16},"end":{"line":119,"column":null}},"type":"if","locations":[{"start":{"line":115,"column":16},"end":{"line":119,"column":null}},{"start":{"line":117,"column":23},"end":{"line":119,"column":null}}]},"13":{"loc":{"start":{"line":136,"column":12},"end":{"line":144,"column":null}},"type":"if","locations":[{"start":{"line":136,"column":12},"end":{"line":144,"column":null}}]},"14":{"loc":{"start":{"line":138,"column":14},"end":{"line":143,"column":null}},"type":"if","locations":[{"start":{"line":138,"column":14},"end":{"line":143,"column":null}},{"start":{"line":140,"column":21},"end":{"line":143,"column":null}}]},"15":{"loc":{"start":{"line":138,"column":18},"end":{"line":138,"column":78}},"type":"binary-expr","locations":[{"start":{"line":138,"column":19},"end":{"line":138,"column":24}},{"start":{"line":138,"column":28},"end":{"line":138,"column":39}},{"start":{"line":138,"column":44},"end":{"line":138,"column":78}}]},"16":{"loc":{"start":{"line":156,"column":12},"end":{"line":162,"column":null}},"type":"if","locations":[{"start":{"line":156,"column":12},"end":{"line":162,"column":null}},{"start":{"line":159,"column":19},"end":{"line":162,"column":null}}]},"17":{"loc":{"start":{"line":156,"column":16},"end":{"line":156,"column":64}},"type":"binary-expr","locations":[{"start":{"line":156,"column":16},"end":{"line":156,"column":26}},{"start":{"line":156,"column":30},"end":{"line":156,"column":64}}]}},"s":{"0":1,"1":1,"2":1,"3":1,"4":1,"5":1,"6":4,"7":0,"8":0,"9":0,"10":4,"11":0,"12":0,"13":0,"14":0,"15":0,"16":0,"17":0,"18":0,"19":0,"20":0,"21":0,"22":0,"23":0,"24":0,"25":0,"26":0,"27":0,"28":0,"29":0,"30":0,"31":4,"32":0,"33":0,"34":0,"35":0,"36":0,"37":0,"38":0,"39":0,"40":0,"41":0,"42":0,"43":0,"44":4,"45":0,"46":0,"47":0,"48":0,"49":0,"50":0,"51":0,"52":0,"53":0,"54":0,"55":0,"56":4,"57":0,"58":0,"59":0,"60":0,"61":0,"62":0,"63":0,"64":0,"65":0,"66":0,"67":0,"68":1},"f":{"0":4,"1":0,"2":0,"3":0,"4":0,"5":0,"6":0,"7":0,"8":0,"9":0,"10":0},"b":{"0":[0],"1":[0],"2":[0,0],"3":[0,0],"4":[0,0],"5":[0,0],"6":[0,0],"7":[0,0],"8":[0,0],"9":[0,0],"10":[0],"11":[0,0],"12":[0,0],"13":[0],"14":[0,0],"15":[0,0,0],"16":[0,0],"17":[0,0]}}
,"/home/siddharthjain/Documents/blogs-website/server/src/Blogs/Service/LikesService.ts": {"path":"/home/siddharthjain/Documents/blogs-website/server/src/Blogs/Service/LikesService.ts","statementMap":{"0":{"start":{"line":1,"column":0},"end":{"line":1,"column":31}},"1":{"start":{"line":2,"column":0},"end":{"line":2,"column":41}},"2":{"start":{"line":7,"column":4},"end":{"line":16,"column":null}},"3":{"start":{"line":7,"column":51},"end":{"line":16,"column":null}},"4":{"start":{"line":8,"column":32},"end":{"line":8,"column":38}},"5":{"start":{"line":9,"column":8},"end":{"line":15,"column":null}},"6":{"start":{"line":10,"column":12},"end":{"line":10,"column":49}},"7":{"start":{"line":11,"column":13},"end":{"line":11,"column":25}},"8":{"start":{"line":13,"column":12},"end":{"line":13,"column":31}},"9":{"start":{"line":14,"column":12},"end":{"line":14,"column":54}},"10":{"start":{"line":17,"column":4},"end":{"line":25,"column":null}},"11":{"start":{"line":17,"column":62},"end":{"line":25,"column":null}},"12":{"start":{"line":18,"column":38},"end":{"line":18,"column":44}},"13":{"start":{"line":19,"column":8},"end":{"line":23,"column":13}},"14":{"start":{"line":5,"column":0},"end":{"line":5,"column":21}}},"fnMap":{"0":{"name":"(anonymous_8)","decl":{"start":{"line":5,"column":0},"end":{"line":5,"column":21}},"loc":{"start":{"line":5,"column":0},"end":{"line":26,"column":1}}},"1":{"name":"(anonymous_9)","decl":{"start":{"line":7,"column":15},"end":{"line":7,"column":22}},"loc":{"start":{"line":7,"column":51},"end":{"line":16,"column":null}}},"2":{"name":"(anonymous_10)","decl":{"start":{"line":7,"column":51},"end":{"line":7,"column":null}},"loc":{"start":{"line":7,"column":51},"end":{"line":16,"column":5}}},"3":{"name":"(anonymous_11)","decl":{"start":{"line":17,"column":26},"end":{"line":17,"column":33}},"loc":{"start":{"line":17,"column":62},"end":{"line":25,"column":null}}},"4":{"name":"(anonymous_12)","decl":{"start":{"line":17,"column":62},"end":{"line":17,"column":null}},"loc":{"start":{"line":17,"column":62},"end":{"line":25,"column":5}}}},"branchMap":{},"s":{"0":1,"1":1,"2":2,"3":0,"4":0,"5":0,"6":0,"7":0,"8":0,"9":0,"10":2,"11":0,"12":0,"13":0,"14":1},"f":{"0":2,"1":0,"2":0,"3":0,"4":0},"b":{}}
,"/home/siddharthjain/Documents/blogs-website/server/src/Comments/Service/commentsService.ts": {"path":"/home/siddharthjain/Documents/blogs-website/server/src/Comments/Service/commentsService.ts","statementMap":{"0":{"start":{"line":2,"column":0},"end":{"line":2,"column":60}},"1":{"start":{"line":3,"column":0},"end":{"line":3,"column":48}},"2":{"start":{"line":7,"column":2},"end":{"line":13,"column":4}},"3":{"start":{"line":7,"column":41},"end":{"line":13,"column":4}},"4":{"start":{"line":8,"column":26},"end":{"line":8,"column":53}},"5":{"start":{"line":9,"column":4},"end":{"line":11,"column":null}},"6":{"start":{"line":10,"column":6},"end":{"line":10,"column":18}},"7":{"start":{"line":12,"column":4},"end":{"line":12,"column":25}},"8":{"start":{"line":15,"column":2},"end":{"line":28,"column":4}},"9":{"start":{"line":15,"column":56},"end":{"line":28,"column":4}},"10":{"start":{"line":16,"column":46},"end":{"line":16,"column":52}},"11":{"start":{"line":17,"column":4},"end":{"line":17,"column":39}},"12":{"start":{"line":18,"column":4},"end":{"line":27,"column":null}},"13":{"start":{"line":19,"column":29},"end":{"line":23,"column":8}},"14":{"start":{"line":24,"column":6},"end":{"line":24,"column":39}},"15":{"start":{"line":26,"column":6},"end":{"line":26,"column":50}},"16":{"start":{"line":30,"column":2},"end":{"line":44,"column":4}},"17":{"start":{"line":30,"column":56},"end":{"line":44,"column":4}},"18":{"start":{"line":31,"column":52},"end":{"line":31,"column":58}},"19":{"start":{"line":32,"column":4},"end":{"line":43,"column":null}},"20":{"start":{"line":33,"column":22},"end":{"line":33,"column":56}},"21":{"start":{"line":34,"column":6},"end":{"line":40,"column":null}},"22":{"start":{"line":35,"column":8},"end":{"line":35,"column":48}},"23":{"start":{"line":36,"column":8},"end":{"line":36,"column":52}},"24":{"start":{"line":37,"column":8},"end":{"line":37,"column":15}},"25":{"start":{"line":39,"column":8},"end":{"line":39,"column":62}},"26":{"start":{"line":42,"column":6},"end":{"line":42,"column":50}},"27":{"start":{"line":45,"column":2},"end":{"line":63,"column":4}},"28":{"start":{"line":45,"column":56},"end":{"line":63,"column":4}},"29":{"start":{"line":46,"column":40},"end":{"line":46,"column":46}},"30":{"start":{"line":47,"column":20},"end":{"line":47,"column":54}},"31":{"start":{"line":48,"column":4},"end":{"line":62,"column":null}},"32":{"start":{"line":49,"column":6},"end":{"line":58,"column":null}},"33":{"start":{"line":50,"column":20},"end":{"line":50,"column":43}},"34":{"start":{"line":51,"column":8},"end":{"line":55,"column":null}},"35":{"start":{"line":52,"column":10},"end":{"line":52,"column":54}},"36":{"start":{"line":54,"column":10},"end":{"line":54,"column":53}},"37":{"start":{"line":57,"column":8},"end":{"line":57,"column":62}},"38":{"start":{"line":60,"column":6},"end":{"line":60,"column":25}},"39":{"start":{"line":61,"column":6},"end":{"line":61,"column":52}},"40":{"start":{"line":64,"column":2},"end":{"line":86,"column":4}},"41":{"start":{"line":64,"column":52},"end":{"line":86,"column":4}},"42":{"start":{"line":65,"column":24},"end":{"line":65,"column":42}},"43":{"start":{"line":66,"column":55},"end":{"line":66,"column":61}},"44":{"start":{"line":67,"column":4},"end":{"line":85,"column":null}},"45":{"start":{"line":68,"column":6},"end":{"line":81,"column":null}},"46":{"start":{"line":72,"column":29},"end":{"line":77,"column":10}},"47":{"start":{"line":78,"column":8},"end":{"line":78,"column":39}},"48":{"start":{"line":80,"column":8},"end":{"line":80,"column":45}},"49":{"start":{"line":83,"column":6},"end":{"line":83,"column":25}},"50":{"start":{"line":84,"column":6},"end":{"line":84,"column":48}},"51":{"start":{"line":88,"column":2},"end":{"line":109,"column":null}},"52":{"start":{"line":88,"column":52},"end":{"line":109,"column":null}},"53":{"start":{"line":89,"column":35},"end":{"line":89,"column":41}},"54":{"start":{"line":90,"column":18},"end":{"line":90,"column":50}},"55":{"start":{"line":91,"column":2},"end":{"line":107,"column":null}},"56":{"start":{"line":92,"column":4},"end":{"line":103,"column":null}},"57":{"start":{"line":93,"column":18},"end":{"line":93,"column":39}},"58":{"start":{"line":94,"column":6},"end":{"line":99,"column":null}},"59":{"start":{"line":95,"column":8},"end":{"line":95,"column":43}},"60":{"start":{"line":96,"column":8},"end":{"line":96,"column":15}},"61":{"start":{"line":98,"column":8},"end":{"line":98,"column":null}},"62":{"start":{"line":102,"column":6},"end":{"line":102,"column":null}},"63":{"start":{"line":105,"column":4},"end":{"line":105,"column":23}},"64":{"start":{"line":106,"column":5},"end":{"line":106,"column":51}},"65":{"start":{"line":6,"column":0},"end":{"line":6,"column":21}}},"fnMap":{"0":{"name":"(anonymous_8)","decl":{"start":{"line":6,"column":0},"end":{"line":6,"column":21}},"loc":{"start":{"line":6,"column":0},"end":{"line":110,"column":1}}},"1":{"name":"(anonymous_9)","decl":{"start":{"line":7,"column":20},"end":{"line":7,"column":27}},"loc":{"start":{"line":7,"column":41},"end":{"line":13,"column":4}}},"2":{"name":"(anonymous_10)","decl":{"start":{"line":7,"column":41},"end":{"line":7,"column":null}},"loc":{"start":{"line":7,"column":41},"end":{"line":13,"column":3}}},"3":{"name":"(anonymous_11)","decl":{"start":{"line":15,"column":18},"end":{"line":15,"column":25}},"loc":{"start":{"line":15,"column":56},"end":{"line":28,"column":4}}},"4":{"name":"(anonymous_12)","decl":{"start":{"line":15,"column":56},"end":{"line":15,"column":null}},"loc":{"start":{"line":15,"column":56},"end":{"line":28,"column":3}}},"5":{"name":"(anonymous_13)","decl":{"start":{"line":30,"column":18},"end":{"line":30,"column":25}},"loc":{"start":{"line":30,"column":56},"end":{"line":44,"column":4}}},"6":{"name":"(anonymous_14)","decl":{"start":{"line":30,"column":56},"end":{"line":30,"column":null}},"loc":{"start":{"line":30,"column":56},"end":{"line":44,"column":3}}},"7":{"name":"(anonymous_15)","decl":{"start":{"line":45,"column":18},"end":{"line":45,"column":25}},"loc":{"start":{"line":45,"column":56},"end":{"line":63,"column":4}}},"8":{"name":"(anonymous_16)","decl":{"start":{"line":45,"column":56},"end":{"line":45,"column":null}},"loc":{"start":{"line":45,"column":56},"end":{"line":63,"column":3}}},"9":{"name":"(anonymous_17)","decl":{"start":{"line":64,"column":14},"end":{"line":64,"column":21}},"loc":{"start":{"line":64,"column":52},"end":{"line":86,"column":4}}},"10":{"name":"(anonymous_18)","decl":{"start":{"line":64,"column":52},"end":{"line":64,"column":null}},"loc":{"start":{"line":64,"column":52},"end":{"line":86,"column":3}}},"11":{"name":"(anonymous_19)","decl":{"start":{"line":88,"column":16},"end":{"line":88,"column":23}},"loc":{"start":{"line":88,"column":52},"end":{"line":109,"column":null}}},"12":{"name":"(anonymous_20)","decl":{"start":{"line":88,"column":52},"end":{"line":88,"column":null}},"loc":{"start":{"line":88,"column":52},"end":{"line":109,"column":3}}}},"branchMap":{"0":{"loc":{"start":{"line":9,"column":4},"end":{"line":11,"column":null}},"type":"if","locations":[{"start":{"line":9,"column":4},"end":{"line":11,"column":null}}]},"1":{"loc":{"start":{"line":9,"column":8},"end":{"line":9,"column":31}},"type":"cond-expr","locations":[{"start":{"line":9,"column":21},"end":{"line":9,"column":23}},{"start":{"line":9,"column":8},"end":{"line":9,"column":31}}]},"2":{"loc":{"start":{"line":9,"column":8},"end":{"line":9,"column":23}},"type":"binary-expr","locations":[{"start":{"line":9,"column":8},"end":{"line":9,"column":23}},{"start":{"line":9,"column":8},"end":{"line":9,"column":23}}]},"3":{"loc":{"start":{"line":34,"column":6},"end":{"line":40,"column":null}},"type":"if","locations":[{"start":{"line":34,"column":6},"end":{"line":40,"column":null}},{"start":{"line":38,"column":13},"end":{"line":40,"column":null}}]},"4":{"loc":{"start":{"line":34,"column":10},"end":{"line":34,"column":52}},"type":"binary-expr","locations":[{"start":{"line":34,"column":10},"end":{"line":34,"column":17}},{"start":{"line":34,"column":21},"end":{"line":34,"column":52}}]},"5":{"loc":{"start":{"line":49,"column":6},"end":{"line":58,"column":null}},"type":"if","locations":[{"start":{"line":49,"column":6},"end":{"line":58,"column":null}},{"start":{"line":56,"column":13},"end":{"line":58,"column":null}}]},"6":{"loc":{"start":{"line":49,"column":10},"end":{"line":49,"column":52}},"type":"binary-expr","locations":[{"start":{"line":49,"column":10},"end":{"line":49,"column":17}},{"start":{"line":49,"column":21},"end":{"line":49,"column":52}}]},"7":{"loc":{"start":{"line":51,"column":8},"end":{"line":55,"column":null}},"type":"if","locations":[{"start":{"line":51,"column":8},"end":{"line":55,"column":null}},{"start":{"line":53,"column":15},"end":{"line":55,"column":null}}]},"8":{"loc":{"start":{"line":68,"column":6},"end":{"line":81,"column":null}},"type":"if","locations":[{"start":{"line":68,"column":6},"end":{"line":81,"column":null}},{"start":{"line":79,"column":13},"end":{"line":81,"column":null}}]},"9":{"loc":{"start":{"line":69,"column":8},"end":{"line":70,"column":48}},"type":"binary-expr","locations":[{"start":{"line":69,"column":9},"end":{"line":69,"column":48}},{"start":{"line":70,"column":9},"end":{"line":70,"column":47}}]},"10":{"loc":{"start":{"line":92,"column":4},"end":{"line":103,"column":null}},"type":"if","locations":[{"start":{"line":92,"column":4},"end":{"line":103,"column":null}},{"start":{"line":100,"column":11},"end":{"line":103,"column":null}}]},"11":{"loc":{"start":{"line":92,"column":8},"end":{"line":92,"column":46}},"type":"binary-expr","locations":[{"start":{"line":92,"column":8},"end":{"line":92,"column":13}},{"start":{"line":92,"column":17},"end":{"line":92,"column":46}}]},"12":{"loc":{"start":{"line":94,"column":6},"end":{"line":99,"column":null}},"type":"if","locations":[{"start":{"line":94,"column":6},"end":{"line":99,"column":null}},{"start":{"line":97,"column":13},"end":{"line":99,"column":null}}]}},"s":{"0":1,"1":1,"2":4,"3":0,"4":0,"5":0,"6":0,"7":0,"8":4,"9":0,"10":0,"11":0,"12":0,"13":0,"14":0,"15":0,"16":4,"17":0,"18":0,"19":0,"20":0,"21":0,"22":0,"23":0,"24":0,"25":0,"26":0,"27":4,"28":0,"29":0,"30":0,"31":0,"32":0,"33":0,"34":0,"35":0,"36":0,"37":0,"38":0,"39":0,"40":4,"41":0,"42":0,"43":0,"44":0,"45":0,"46":0,"47":0,"48":0,"49":0,"50":0,"51":4,"52":0,"53":0,"54":0,"55":0,"56":0,"57":0,"58":0,"59":0,"60":0,"61":0,"62":0,"63":0,"64":0,"65":1},"f":{"0":4,"1":0,"2":0,"3":0,"4":0,"5":0,"6":0,"7":0,"8":0,"9":0,"10":0,"11":0,"12":0},"b":{"0":[0],"1":[0,0],"2":[0,0],"3":[0,0],"4":[0,0],"5":[0,0],"6":[0,0],"7":[0,0],"8":[0,0],"9":[0,0],"10":[0,0],"11":[0,0],"12":[0,0]}}
,"/home/siddharthjain/Documents/blogs-website/server/src/Tags/Services/tagsService.ts": {"path":"/home/siddharthjain/Documents/blogs-website/server/src/Tags/Services/tagsService.ts","statementMap":{"0":{"start":{"line":2,"column":0},"end":{"line":2,"column":42}},"1":{"start":{"line":3,"column":0},"end":{"line":3,"column":40}},"2":{"start":{"line":4,"column":0},"end":{"line":4,"column":48}},"3":{"start":{"line":6,"column":31},"end":{"line":33,"column":2}},"4":{"start":{"line":10,"column":4},"end":{"line":33,"column":2}},"5":{"start":{"line":11,"column":15},"end":{"line":11,"column":43}},"6":{"start":{"line":12,"column":2},"end":{"line":30,"column":null}},"7":{"start":{"line":13,"column":4},"end":{"line":26,"column":null}},"8":{"start":{"line":14,"column":6},"end":{"line":24,"column":9}},"9":{"start":{"line":14,"column":37},"end":{"line":24,"column":8}},"10":{"start":{"line":15,"column":28},"end":{"line":15,"column":71}},"11":{"start":{"line":16,"column":8},"end":{"line":16,"column":33}},"12":{"start":{"line":17,"column":8},"end":{"line":23,"column":null}},"13":{"start":{"line":18,"column":29},"end":{"line":18,"column":60}},"14":{"start":{"line":19,"column":31},"end":{"line":19,"column":44}},"15":{"start":{"line":20,"column":10},"end":{"line":20,"column":68}},"16":{"start":{"line":22,"column":10},"end":{"line":22,"column":76}},"17":{"start":{"line":25,"column":6},"end":{"line":25,"column":18}},"18":{"start":{"line":28,"column":4},"end":{"line":28,"column":23}},"19":{"start":{"line":29,"column":4},"end":{"line":29,"column":17}},"20":{"start":{"line":32,"column":2},"end":{"line":32,"column":9}},"21":{"start":{"line":6,"column":13},"end":{"line":6,"column":31}},"22":{"start":{"line":34,"column":24},"end":{"line":50,"column":2}},"23":{"start":{"line":34,"column":62},"end":{"line":50,"column":2}},"24":{"start":{"line":35,"column":23},"end":{"line":35,"column":35}},"25":{"start":{"line":36,"column":25},"end":{"line":36,"column":35}},"26":{"start":{"line":38,"column":19},"end":{"line":38,"column":27}},"27":{"start":{"line":39,"column":15},"end":{"line":39,"column":43}},"28":{"start":{"line":41,"column":2},"end":{"line":49,"column":null}},"29":{"start":{"line":44,"column":4},"end":{"line":44,"column":75}},"30":{"start":{"line":45,"column":4},"end":{"line":45,"column":11}},"31":{"start":{"line":47,"column":4},"end":{"line":47,"column":61}},"32":{"start":{"line":48,"column":4},"end":{"line":48,"column":11}},"33":{"start":{"line":34,"column":13},"end":{"line":34,"column":24}}},"fnMap":{"0":{"name":"(anonymous_8)","decl":{"start":{"line":6,"column":31},"end":{"line":6,"column":null}},"loc":{"start":{"line":10,"column":4},"end":{"line":33,"column":2}}},"1":{"name":"(anonymous_9)","decl":{"start":{"line":10,"column":4},"end":{"line":10,"column":null}},"loc":{"start":{"line":10,"column":4},"end":{"line":33,"column":1}}},"2":{"name":"(anonymous_10)","decl":{"start":{"line":14,"column":15},"end":{"line":14,"column":22}},"loc":{"start":{"line":14,"column":37},"end":{"line":24,"column":8}}},"3":{"name":"(anonymous_11)","decl":{"start":{"line":14,"column":37},"end":{"line":14,"column":null}},"loc":{"start":{"line":14,"column":37},"end":{"line":24,"column":7}}},"4":{"name":"(anonymous_12)","decl":{"start":{"line":34,"column":24},"end":{"line":34,"column":31}},"loc":{"start":{"line":34,"column":62},"end":{"line":50,"column":2}}},"5":{"name":"(anonymous_13)","decl":{"start":{"line":34,"column":62},"end":{"line":34,"column":null}},"loc":{"start":{"line":34,"column":62},"end":{"line":50,"column":1}}}},"branchMap":{"0":{"loc":{"start":{"line":13,"column":4},"end":{"line":26,"column":null}},"type":"if","locations":[{"start":{"line":13,"column":4},"end":{"line":26,"column":null}}]},"1":{"loc":{"start":{"line":13,"column":8},"end":{"line":13,"column":47}},"type":"binary-expr","locations":[{"start":{"line":13,"column":8},"end":{"line":13,"column":12}},{"start":{"line":13,"column":16},"end":{"line":13,"column":47}}]},"2":{"loc":{"start":{"line":13,"column":33},"end":{"line":13,"column":45}},"type":"cond-expr","locations":[{"start":{"line":13,"column":37},"end":{"line":13,"column":39}},{"start":{"line":13,"column":33},"end":{"line":13,"column":45}}]},"3":{"loc":{"start":{"line":13,"column":33},"end":{"line":13,"column":39}},"type":"binary-expr","locations":[{"start":{"line":13,"column":33},"end":{"line":13,"column":39}},{"start":{"line":13,"column":33},"end":{"line":13,"column":39}}]},"4":{"loc":{"start":{"line":17,"column":8},"end":{"line":23,"column":null}},"type":"if","locations":[{"start":{"line":17,"column":8},"end":{"line":23,"column":null}},{"start":{"line":21,"column":15},"end":{"line":23,"column":null}}]},"5":{"loc":{"start":{"line":35,"column":23},"end":{"line":35,"column":35}},"type":"cond-expr","locations":[{"start":{"line":35,"column":31},"end":{"line":35,"column":33}},{"start":{"line":35,"column":31},"end":{"line":35,"column":35}}]},"6":{"loc":{"start":{"line":35,"column":23},"end":{"line":35,"column":33}},"type":"binary-expr","locations":[{"start":{"line":35,"column":23},"end":{"line":35,"column":33}},{"start":{"line":35,"column":31},"end":{"line":35,"column":33}}]},"7":{"loc":{"start":{"line":41,"column":2},"end":{"line":49,"column":null}},"type":"if","locations":[{"start":{"line":41,"column":2},"end":{"line":49,"column":null}},{"start":{"line":46,"column":9},"end":{"line":49,"column":null}}]}},"s":{"0":1,"1":1,"2":1,"3":1,"4":0,"5":0,"6":0,"7":0,"8":0,"9":0,"10":0,"11":0,"12":0,"13":0,"14":0,"15":0,"16":0,"17":0,"18":0,"19":0,"20":0,"21":1,"22":1,"23":0,"24":0,"25":0,"26":0,"27":0,"28":0,"29":0,"30":0,"31":0,"32":0,"33":1},"f":{"0":0,"1":0,"2":0,"3":0,"4":0,"5":0},"b":{"0":[0],"1":[0,0],"2":[0,0],"3":[0,0],"4":[0,0],"5":[0,0],"6":[0,0],"7":[0,0]}}
,"/home/siddharthjain/Documents/blogs-website/server/src/db/config.ts": {"path":"/home/siddharthjain/Documents/blogs-website/server/src/db/config.ts","statementMap":{"0":{"start":{"line":1,"column":0},"end":{"line":1,"column":27}},"1":{"start":{"line":2,"column":0},"end":{"line":2,"column":16}},"2":{"start":{"line":3,"column":0},"end":{"line":3,"column":47}},"3":{"start":{"line":5,"column":13},"end":{"line":5,"column":32}},"4":{"start":{"line":6,"column":15},"end":{"line":6,"column":47}},"5":{"start":{"line":7,"column":16},"end":{"line":7,"column":49}},"6":{"start":{"line":8,"column":13},"end":{"line":8,"column":46}},"7":{"start":{"line":9,"column":16},"end":{"line":9,"column":39}},"8":{"start":{"line":20,"column":28},"end":{"line":24,"column":2}},"9":{"start":{"line":26,"column":0},"end":{"line":26,"column":149}},"10":{"start":{"line":26,"column":45},"end":{"line":26,"column":91}},"11":{"start":{"line":26,"column":107},"end":{"line":26,"column":147}},"12":{"start":{"line":27,"column":0},"end":{"line":27,"column":35}}},"fnMap":{"0":{"name":"(anonymous_1)","decl":{"start":{"line":26,"column":40},"end":{"line":26,"column":42}},"loc":{"start":{"line":26,"column":44},"end":{"line":26,"column":91}}},"1":{"name":"(anonymous_2)","decl":{"start":{"line":26,"column":99},"end":{"line":26,"column":100}},"loc":{"start":{"line":26,"column":106},"end":{"line":26,"column":147}}}},"branchMap":{},"s":{"0":1,"1":1,"2":1,"3":1,"4":1,"5":1,"6":1,"7":1,"8":1,"9":1,"10":0,"11":0,"12":1},"f":{"0":0,"1":0},"b":{}}
,"/home/siddharthjain/Documents/blogs-website/server/src/db/models/blogTags.ts": {"path":"/home/siddharthjain/Documents/blogs-website/server/src/db/models/blogTags.ts","statementMap":{"0":{"start":{"line":1,"column":0},"end":{"line":1,"column":45}},"1":{"start":{"line":2,"column":0},"end":{"line":2,"column":44}},"2":{"start":{"line":4,"column":0},"end":{"line":4,"column":28}},"3":{"start":{"line":5,"column":0},"end":{"line":5,"column":26}},"4":{"start":{"line":22,"column":0},"end":{"line":52,"column":2}},"5":{"start":{"line":54,"column":0},"end":{"line":59,"column":null}},"6":{"start":{"line":61,"column":0},"end":{"line":61,"column":24}}},"fnMap":{},"branchMap":{},"s":{"0":1,"1":1,"2":1,"3":1,"4":1,"5":1,"6":1},"f":{},"b":{}}
,"/home/siddharthjain/Documents/blogs-website/server/src/db/models/blogs.ts": {"path":"/home/siddharthjain/Documents/blogs-website/server/src/db/models/blogs.ts","statementMap":{"0":{"start":{"line":2,"column":0},"end":{"line":2,"column":45}},"1":{"start":{"line":3,"column":0},"end":{"line":3,"column":44}},"2":{"start":{"line":4,"column":0},"end":{"line":4,"column":26}},"3":{"start":{"line":21,"column":0},"end":{"line":54,"column":2}},"4":{"start":{"line":56,"column":0},"end":{"line":56,"column":21}}},"fnMap":{},"branchMap":{},"s":{"0":1,"1":1,"2":1,"3":1,"4":1},"f":{},"b":{}}
,"/home/siddharthjain/Documents/blogs-website/server/src/db/models/comments.ts": {"path":"/home/siddharthjain/Documents/blogs-website/server/src/db/models/comments.ts","statementMap":{"0":{"start":{"line":1,"column":0},"end":{"line":1,"column":45}},"1":{"start":{"line":2,"column":0},"end":{"line":2,"column":26}},"2":{"start":{"line":3,"column":0},"end":{"line":3,"column":28}},"3":{"start":{"line":4,"column":0},"end":{"line":4,"column":44}},"4":{"start":{"line":21,"column":0},"end":{"line":50,"column":2}},"5":{"start":{"line":52,"column":0},"end":{"line":62,"column":null}},"6":{"start":{"line":63,"column":0},"end":{"line":66,"column":null}},"7":{"start":{"line":69,"column":0},"end":{"line":69,"column":24}}},"fnMap":{},"branchMap":{},"s":{"0":1,"1":1,"2":1,"3":1,"4":1,"5":1,"6":1,"7":1},"f":{},"b":{}}
,"/home/siddharthjain/Documents/blogs-website/server/src/db/models/likes.ts": {"path":"/home/siddharthjain/Documents/blogs-website/server/src/db/models/likes.ts","statementMap":{"0":{"start":{"line":1,"column":0},"end":{"line":1,"column":45}},"1":{"start":{"line":2,"column":0},"end":{"line":2,"column":44}},"2":{"start":{"line":3,"column":0},"end":{"line":3,"column":26}},"3":{"start":{"line":4,"column":0},"end":{"line":4,"column":28}},"4":{"start":{"line":16,"column":0},"end":{"line":39,"column":2}},"5":{"start":{"line":41,"column":0},"end":{"line":46,"column":3}},"6":{"start":{"line":47,"column":0},"end":{"line":52,"column":3}},"7":{"start":{"line":53,"column":0},"end":{"line":53,"column":49}},"8":{"start":{"line":54,"column":0},"end":{"line":54,"column":48}},"9":{"start":{"line":56,"column":0},"end":{"line":56,"column":21}}},"fnMap":{},"branchMap":{},"s":{"0":1,"1":1,"2":1,"3":1,"4":1,"5":1,"6":1,"7":1,"8":1,"9":1},"f":{},"b":{}}
,"/home/siddharthjain/Documents/blogs-website/server/src/db/models/tags.ts": {"path":"/home/siddharthjain/Documents/blogs-website/server/src/db/models/tags.ts","statementMap":{"0":{"start":{"line":1,"column":0},"end":{"line":1,"column":45}},"1":{"start":{"line":2,"column":0},"end":{"line":2,"column":44}},"2":{"start":{"line":16,"column":0},"end":{"line":33,"column":2}},"3":{"start":{"line":37,"column":0},"end":{"line":37,"column":null}}},"fnMap":{},"branchMap":{},"s":{"0":1,"1":1,"2":1,"3":1},"f":{},"b":{}}
,"/home/siddharthjain/Documents/blogs-website/server/src/db/models/user.ts": {"path":"/home/siddharthjain/Documents/blogs-website/server/src/db/models/user.ts","statementMap":{"0":{"start":{"line":2,"column":0},"end":{"line":2,"column":43}},"1":{"start":{"line":3,"column":0},"end":{"line":3,"column":44}},"2":{"start":{"line":30,"column":2},"end":{"line":57,"column":5}},"3":{"start":{"line":59,"column":2},"end":{"line":59,"column":22}}},"fnMap":{},"branchMap":{},"s":{"0":1,"1":1,"2":1,"3":1},"f":{},"b":{}}
}
