TN:
SF:src/index.ts
FN:23,(anonymous_1)
FN:36,(anonymous_2)
FNF:2
FNH:1
FNDA:0,(anonymous_1)
FNDA:1,(anonymous_2)
DA:1,1
DA:2,1
DA:3,1
DA:4,1
DA:5,1
DA:7,1
DA:8,1
DA:11,1
DA:12,1
DA:13,1
DA:17,1
DA:21,1
DA:23,1
DA:25,0
DA:27,1
DA:33,1
DA:34,1
DA:36,1
DA:37,1
DA:40,1
LF:20
LH:19
BRF:0
BRH:0
end_of_record
TN:
SF:src/Auth/Controllers/AuthController.ts
FN:13,(anonymous_1)
FNF:1
FNH:0
FNDA:0,(anonymous_1)
DA:1,1
DA:2,1
DA:3,1
DA:4,1
DA:5,1
DA:7,1
DA:9,1
DA:10,1
DA:11,1
DA:12,1
DA:13,1
DA:14,0
DA:18,1
LF:13
LH:12
BRF:0
BRH:0
end_of_record
TN:
SF:src/Auth/Service/AuthService.ts
FN:8,(anonymous_8)
FN:8,(anonymous_9)
FN:32,(anonymous_10)
FN:32,(anonymous_11)
FN:65,(anonymous_12)
FNF:5
FNH:2
FNDA:0,(anonymous_8)
FNDA:0,(anonymous_9)
FNDA:1,(anonymous_10)
FNDA:1,(anonymous_11)
FNDA:0,(anonymous_12)
DA:2,1
DA:3,1
DA:4,1
DA:5,1
DA:6,1
DA:8,1
DA:10,0
DA:11,0
DA:12,0
DA:13,0
DA:14,0
DA:15,0
DA:16,0
DA:18,0
DA:21,0
DA:22,0
DA:23,0
DA:27,0
DA:28,0
DA:32,1
DA:35,1
DA:36,1
DA:37,1
DA:38,1
DA:40,1
DA:42,1
DA:43,1
DA:45,1
DA:46,1
DA:47,1
DA:48,1
DA:51,0
DA:55,0
DA:59,0
DA:60,0
DA:65,1
DA:67,0
LF:37
LH:19
BRDA:16,0,0,0
BRDA:16,0,1,0
BRDA:38,1,0,1
BRDA:38,1,1,0
BRDA:40,2,0,0
BRDA:40,2,1,1
BRDA:40,3,0,1
BRDA:40,3,1,1
BRDA:43,4,0,1
BRDA:43,4,1,0
BRF:10
BRH:5
end_of_record
TN:
SF:src/Auth/Service/Dto/index.ts
FNF:0
FNH:0
DA:1,1
DA:2,1
LF:2
LH:2
BRF:0
BRH:0
end_of_record
TN:
SF:src/Auth/Service/Dto/loginDto.ts
FNF:0
FNH:0
DA:1,1
DA:3,1
DA:11,1
DA:15,1
LF:4
LH:4
BRF:0
BRH:0
end_of_record
TN:
SF:src/Auth/Service/Dto/signupDto.ts
FNF:0
FNH:0
DA:1,1
DA:3,1
DA:6,1
DA:13,1
DA:17,1
LF:5
LH:5
BRF:0
BRH:0
end_of_record
TN:
SF:src/Blogs/Controllers/BlogsController.ts
FNF:0
FNH:0
DA:1,1
DA:2,1
DA:3,1
DA:4,1
DA:5,1
DA:6,1
DA:9,1
DA:10,1
DA:11,1
DA:12,1
DA:13,1
DA:14,1
DA:15,1
DA:17,1
LF:14
LH:14
BRF:0
BRH:0
end_of_record
TN:
SF:src/Blogs/Service/BlogsService.ts
FN:8,(anonymous_8)
FN:8,(anonymous_9)
FN:14,(anonymous_10)
FN:14,(anonymous_11)
FN:20,(anonymous_12)
FN:20,(anonymous_13)
FN:50,(anonymous_14)
FN:51,(anonymous_15)
FN:74,(anonymous_16)
FN:74,(anonymous_17)
FN:88,(anonymous_18)
FN:88,(anonymous_19)
FN:115,(anonymous_20)
FN:115,(anonymous_21)
FN:153,(anonymous_22)
FN:153,(anonymous_23)
FNF:16
FNH:2
FNDA:0,(anonymous_8)
FNDA:0,(anonymous_9)
FNDA:0,(anonymous_10)
FNDA:0,(anonymous_11)
FNDA:1,(anonymous_12)
FNDA:1,(anonymous_13)
FNDA:0,(anonymous_14)
FNDA:0,(anonymous_15)
FNDA:0,(anonymous_16)
FNDA:0,(anonymous_17)
FNDA:0,(anonymous_18)
FNDA:0,(anonymous_19)
FNDA:0,(anonymous_20)
FNDA:0,(anonymous_21)
FNDA:0,(anonymous_22)
FNDA:0,(anonymous_23)
DA:2,1
DA:3,1
DA:4,1
DA:5,1
DA:8,1
DA:9,0
DA:10,0
DA:11,0
DA:14,1
DA:15,0
DA:16,0
DA:17,0
DA:20,1
DA:22,1
DA:25,1
DA:26,1
DA:27,1
DA:28,1
DA:29,1
DA:30,1
DA:32,1
DA:36,1
DA:45,1
DA:48,0
DA:49,0
DA:50,0
DA:51,0
DA:52,0
DA:53,0
DA:55,0
DA:56,0
DA:62,1
DA:69,0
DA:70,0
DA:74,1
DA:75,0
DA:76,0
DA:78,0
DA:79,0
DA:80,0
DA:81,0
DA:83,0
DA:84,0
DA:88,1
DA:89,0
DA:90,0
DA:91,0
DA:93,0
DA:94,0
DA:95,0
DA:96,0
DA:97,0
DA:98,0
DA:105,0
DA:106,0
DA:110,0
DA:111,0
DA:115,1
DA:116,0
DA:117,0
DA:118,0
DA:120,0
DA:121,0
DA:122,0
DA:123,0
DA:124,0
DA:125,0
DA:126,0
DA:127,0
DA:128,0
DA:132,0
DA:133,0
DA:134,0
DA:135,0
DA:136,0
DA:141,0
DA:142,0
DA:143,0
DA:146,0
DA:148,0
DA:149,0
DA:153,1
DA:154,0
DA:155,0
DA:156,0
DA:157,0
DA:158,0
DA:159,0
DA:160,0
DA:162,0
DA:165,0
DA:166,0
LF:92
LH:22
BRDA:28,0,0,0
BRDA:28,0,1,1
BRDA:30,1,0,0
BRDA:30,1,1,1
BRDA:32,2,0,0
BRDA:32,2,1,1
BRDA:32,3,0,1
BRDA:32,3,1,0
BRDA:39,4,0,0
BRDA:39,4,1,1
BRDA:39,5,0,1
BRDA:39,5,1,0
BRDA:45,6,0,0
BRDA:45,6,1,1
BRDA:76,7,0,0
BRDA:76,7,1,0
BRDA:76,8,0,0
BRDA:76,8,1,0
BRDA:95,9,0,0
BRDA:97,10,0,0
BRDA:97,10,1,0
BRDA:97,11,0,0
BRDA:97,11,1,0
BRDA:97,11,2,0
BRDA:127,12,0,0
BRDA:127,12,1,0
BRDA:127,13,0,0
BRDA:127,13,1,0
BRDA:135,14,0,0
BRDA:135,15,0,0
BRDA:135,15,1,0
BRDA:142,16,0,0
BRDA:155,17,0,0
BRDA:155,17,1,0
BRDA:155,18,0,0
BRDA:155,18,1,0
BRDA:158,19,0,0
BRDA:158,19,1,0
BRDA:158,20,0,0
BRDA:158,20,1,0
BRF:40
BRH:7
end_of_record
TN:
SF:src/Blogs/Service/Dto/CreateBlogDto.ts
FNF:0
FNH:0
DA:1,1
DA:3,1
DA:6,1
DA:9,1
LF:4
LH:4
BRF:0
BRH:0
end_of_record
TN:
SF:src/Blogs/Service/Dto/UpdateBlogDto.ts
FNF:0
FNH:0
DA:1,1
DA:3,1
DA:9,1
DA:13,1
DA:16,1
LF:5
LH:5
BRF:0
BRH:0
end_of_record
TN:
SF:src/Blogs/Service/Dto/index.ts
FNF:0
FNH:0
DA:1,1
DA:2,1
LF:2
LH:2
BRF:0
BRH:0
end_of_record
TN:
SF:src/Jwt/jwtStartegy.ts
FN:7,(anonymous_1)
FNF:1
FNH:1
FNDA:1,(anonymous_1)
DA:2,1
DA:3,1
DA:4,1
DA:7,1
DA:9,1
DA:10,1
DA:11,1
DA:12,1
DA:13,1
DA:15,1
DA:17,0
DA:18,0
DA:19,0
DA:21,0
DA:23,1
LF:15
LH:11
BRDA:12,0,0,1
BRDA:12,0,1,0
BRDA:12,1,0,1
BRDA:12,1,1,1
BRDA:13,2,0,1
BRF:5
BRH:4
end_of_record
TN:
SF:src/Validation/validate.ts
FN:3,(anonymous_7)
FN:3,(anonymous_8)
FN:3,(anonymous_9)
FNF:3
FNH:3
FNDA:4,(anonymous_7)
FNDA:1,(anonymous_8)
FNDA:1,(anonymous_9)
DA:1,1
DA:3,4
DA:4,1
DA:5,1
DA:7,0
DA:8,0
DA:9,0
DA:11,0
DA:12,0
DA:15,1
DA:16,1
LF:11
LH:6
BRDA:5,0,0,0
BRDA:5,0,1,1
BRF:2
BRH:1
end_of_record
TN:
SF:src/Validation/validation.ts
FN:5,(anonymous_11)
FN:5,(anonymous_12)
FNF:2
FNH:2
FNDA:1,(anonymous_11)
FNDA:1,(anonymous_12)
DA:1,1
DA:2,1
DA:3,1
DA:5,1
DA:6,1
DA:7,1
DA:8,1
DA:9,0
DA:11,1
LF:9
LH:8
BRDA:8,0,0,0
BRF:1
BRH:0
end_of_record
TN:
SF:src/config/passport.ts
FN:8,(anonymous_8)
FN:12,(anonymous_9)
FN:12,(anonymous_10)
FN:24,(anonymous_11)
FN:24,(anonymous_12)
FNF:5
FNH:0
FNDA:0,(anonymous_8)
FNDA:0,(anonymous_9)
FNDA:0,(anonymous_10)
FNDA:0,(anonymous_11)
FNDA:0,(anonymous_12)
DA:1,1
DA:2,1
DA:3,1
DA:4,1
DA:5,1
DA:8,1
DA:9,0
DA:12,1
DA:13,0
DA:14,0
DA:16,1
DA:24,0
DA:25,0
DA:26,0
DA:27,0
DA:28,0
DA:30,0
DA:31,0
DA:32,0
DA:33,0
DA:34,0
DA:35,0
DA:36,0
DA:38,0
DA:41,0
DA:42,0
DA:43,0
DA:44,0
LF:28
LH:8
BRDA:28,0,0,0
BRDA:31,1,0,0
BRDA:31,1,1,0
BRDA:36,2,0,0
BRF:4
BRH:0
end_of_record
TN:
SF:src/db/config.ts
FN:26,(anonymous_1)
FN:26,(anonymous_2)
FNF:2
FNH:1
FNDA:1,(anonymous_1)
FNDA:0,(anonymous_2)
DA:1,1
DA:2,1
DA:3,1
DA:5,1
DA:6,1
DA:7,1
DA:8,1
DA:9,1
DA:11,1
DA:13,1
DA:14,1
DA:15,1
DA:16,1
DA:17,1
DA:20,1
DA:26,1
DA:27,1
LF:17
LH:17
BRDA:11,0,0,1
BRF:1
BRH:1
end_of_record
TN:
SF:src/db/models/blogs.ts
FNF:0
FNH:0
DA:2,1
DA:3,1
DA:4,1
DA:25,1
DA:63,1
LF:5
LH:5
BRF:0
BRH:0
end_of_record
TN:
SF:src/db/models/likes.ts
FNF:0
FNH:0
DA:1,1
DA:2,1
DA:3,1
DA:4,1
DA:21,1
DA:51,1
DA:57,1
DA:63,1
DA:64,1
DA:66,1
LF:10
LH:10
BRF:0
BRH:0
end_of_record
TN:
SF:src/db/models/user.ts
FNF:0
FNH:0
DA:2,1
DA:3,1
DA:30,1
DA:59,1
LF:4
LH:4
BRF:0
BRH:0
end_of_record
